{"numFailedTestSuites":3,"numFailedTests":13,"numPassedTestSuites":3,"numPassedTests":27,"numPendingTestSuites":0,"numPendingTests":0,"numRuntimeErrorTestSuites":0,"numTodoTests":0,"numTotalTestSuites":6,"numTotalTests":40,"openHandles":[],"snapshot":{"added":0,"didUpdate":false,"failure":false,"filesAdded":0,"filesRemoved":0,"filesRemovedList":[],"filesUnmatched":0,"filesUpdated":0,"matched":0,"total":0,"unchecked":0,"uncheckedKeysByFile":[],"unmatched":0,"updated":0},"startTime":1788505749541,"success":false,"testResults":[{"assertionResults":[{"ancestorTitles":["Phase 11: Security Hardening & Threat Review Verification","1. Authentication & Session Cryptography"],"duration":1441,"failing":false,"failureDetails":[],"failureMessages":[],"fullName":"Phase 11: Security Hardening & Threat Review Verification 1. Authentication & Session Cryptography Bcrypt uses >= 12 rounds on all password hashes","invocations":1,"location":null,"numPassingAsserts":1,"retryMessages":[],"retryReasons":[],"status":"passed","title":"Bcrypt uses >= 12 rounds on all password hashes","startAt":1788505751845},{"ancestorTitles":["Phase 11: Security Hardening & Threat Review Verification","1. Authentication & Session Cryptography"],"duration":1314,"failing":false,"failureDetails":[],"failureMessages":[],"fullName":"Phase 11: Security Hardening & Threat Review Verification 1. Authentication & Session Cryptography Cookie configuration enforces httpOnly, strict sameSite, and 15m expiration","invocations":1,"location":null,"numPassingAsserts":6,"retryMessages":[],"retryReasons":[],"status":"passed","title":"Cookie configuration enforces httpOnly, strict sameSite, and 15m expiration","startAt":1788505753287},{"ancestorTitles":["Phase 11: Security Hardening & Threat Review Verification","1. Authentication & Session Cryptography"],"duration":1311,"failing":false,"failureDetails":[],"failureMessages":[],"fullName":"Phase 11: Security Hardening & Threat Review Verification 1. Authentication & Session Cryptography Pre-2FA temporary token has isPre2FA flag and expires in 5 minutes","invocations":1,"location":null,"numPassingAsserts":3,"retryMessages":[],"retryReasons":[],"status":"passed","title":"Pre-2FA temporary token has isPre2FA flag and expires in 5 minutes","startAt":1788505754601},{"ancestorTitles":["Phase 11: Security Hardening & Threat Review Verification","1. Authentication & Session Cryptography"],"duration":1308,"failing":false,"failureDetails":[],"failureMessages":[],"fullName":"Phase 11: Security Hardening & Threat Review Verification 1. Authentication & Session Cryptography Refresh token rotation detects replay attack and revokes token family","invocations":1,"location":null,"numPassingAsserts":3,"retryMessages":[],"retryReasons":[],"status":"passed","title":"Refresh token rotation detects replay attack and revokes token family","startAt":1788505755912},{"ancestorTitles":["Phase 11: Security Hardening & Threat Review Verification","2. Encryption at Rest (AES-256-GCM)"],"duration":1165,"failing":false,"failureDetails":[],"failureMessages":[],"fullName":"Phase 11: Security Hardening & Threat Review Verification 2. Encryption at Rest (AES-256-GCM) Encrypts with AES-256-GCM using unique IV and 16-byte authentication tag","invocations":1,"location":null,"numPassingAsserts":5,"retryMessages":[],"retryReasons":[],"status":"passed","title":"Encrypts with AES-256-GCM using unique IV and 16-byte authentication tag","startAt":1788505757221},{"ancestorTitles":["Phase 11: Security Hardening & Threat Review Verification","2. Encryption at Rest (AES-256-GCM)"],"duration":1087,"failing":false,"failureDetails":[],"failureMessages":[],"fullName":"Phase 11: Security Hardening & Threat Review Verification 2. Encryption at Rest (AES-256-GCM) Tampering with ciphertext or authTag causes decryption failure","invocations":1,"location":null,"numPassingAsserts":1,"retryMessages":[],"retryReasons":[],"status":"passed","title":"Tampering with ciphertext or authTag causes decryption failure","startAt":1788505758386},{"ancestorTitles":["Phase 11: Security Hardening & Threat Review Verification","2. Encryption at Rest (AES-256-GCM)"],"duration":1073,"failing":false,"failureDetails":[],"failureMessages":[],"fullName":"Phase 11: Security Hardening & Threat Review Verification 2. Encryption at Rest (AES-256-GCM) Timing-safe comparison prevents timing attacks on hashes","invocations":1,"location":null,"numPassingAsserts":3,"retryMessages":[],"retryReasons":[],"status":"passed","title":"Timing-safe comparison prevents timing attacks on hashes","startAt":1788505759473},{"ancestorTitles":["Phase 11: Security Hardening & Threat Review Verification","3. Upload & File Signature Security"],"duration":1104,"failing":false,"failureDetails":[],"failureMessages":[],"fullName":"Phase 11: Security Hardening & Threat Review Verification 3. Upload & File Signature Security Rejects executable files disguised with innocent extensions","invocations":1,"location":null,"numPassingAsserts":1,"retryMessages":[],"retryReasons":[],"status":"passed","title":"Rejects executable files disguised with innocent extensions","startAt":1788505760546},{"ancestorTitles":["Phase 11: Security Hardening & Threat Review Verification","3. Upload & File Signature Security"],"duration":1114,"failing":false,"failureDetails":[],"failureMessages":[],"fullName":"Phase 11: Security Hardening & Threat Review Verification 3. Upload & File Signature Security Rejects extension mismatch (JPEG header with .pdf extension)","invocations":1,"location":null,"numPassingAsserts":1,"retryMessages":[],"retryReasons":[],"status":"passed","title":"Rejects extension mismatch (JPEG header with .pdf extension)","startAt":1788505761650},{"ancestorTitles":["Phase 11: Security Hardening & Threat Review Verification","3. Upload & File Signature Security"],"duration":1229,"failing":false,"failureDetails":[],"failureMessages":[],"fullName":"Phase 11: Security Hardening & Threat Review Verification 3. Upload & File Signature Security Enforces maximum file size limit (25 MB)","invocations":1,"location":null,"numPassingAsserts":1,"retryMessages":[],"retryReasons":[],"status":"passed","title":"Enforces maximum file size limit (25 MB)","startAt":1788505762764},{"ancestorTitles":["Phase 11: Security Hardening & Threat Review Verification","4. AI Extraction & Zero Fabrication Guarantee"],"duration":1363,"failing":false,"failureDetails":[{"matcherResult":{"message":"\u001b[2mexpect(\u001b[22m\u001b[31mreceived\u001b[39m\u001b[2m).\u001b[22mtoBeDefined\u001b[2m()\u001b[22m\n\nReceived: \u001b[31mundefined\u001b[39m","pass":false}}],"failureMessages":["Error: \u001b[2mexpect(\u001b[22m\u001b[31mreceived\u001b[39m\u001b[2m).\u001b[22mtoBeDefined\u001b[2m()\u001b[22m\n\nReceived: \u001b[31mundefined\u001b[39m\n    at Object.toBeDefined (C:\\Users\\rohan\\securedocket\\backend\\tests\\security_hardening.test.js:211:24)\n    at processTicksAndRejections (node:internal/process/task_queues:95:5)"],"fullName":"Phase 11: Security Hardening & Threat Review Verification 4. AI Extraction & Zero Fabrication Guarantee Local legal extractor never invents fake names or dates when fields are absent","invocations":1,"location":null,"numPassingAsserts":0,"retryMessages":[],"retryReasons":[],"status":"failed","title":"Local legal extractor never invents fake names or dates when fields are absent","startAt":1788505763993},{"ancestorTitles":["Phase 11: Security Hardening & Threat Review Verification","5. Search Authorization & Case Isolation"],"duration":1386,"failing":false,"failureDetails":[],"failureMessages":[],"fullName":"Phase 11: Security Hardening & Threat Review Verification 5. Search Authorization & Case Isolation Officers only receive semantic search results from assigned cases","invocations":1,"location":null,"numPassingAsserts":2,"retryMessages":[],"retryReasons":[],"status":"passed","title":"Officers only receive semantic search results from assigned cases","startAt":1788505765357}],"endTime":1788505766935,"message":"\u001b[1m\u001b[31m  \u001b[1m● \u001b[22m\u001b[1mPhase 11: Security Hardening & Threat Review Verification › 4. AI Extraction & Zero Fabrication Guarantee › Local legal extractor never invents fake names or dates when fields are absent\u001b[39m\u001b[22m\n\n    \u001b[2mexpect(\u001b[22m\u001b[31mreceived\u001b[39m\u001b[2m).\u001b[22mtoBeDefined\u001b[2m()\u001b[22m\n\n    Received: \u001b[31mundefined\u001b[39m\n\n\u001b[2m    \u001b[0m \u001b[90m 209 |\u001b[39m       \u001b[90m// firNumber was present in text\u001b[39m\u001b[22m\n\u001b[2m     \u001b[90m 210 |\u001b[39m       \u001b[36mconst\u001b[39m firField \u001b[33m=\u001b[39m result\u001b[33m.\u001b[39mfields\u001b[33m.\u001b[39mfind((f) \u001b[33m=>\u001b[39m f\u001b[33m.\u001b[39mfield \u001b[33m===\u001b[39m \u001b[32m'firNumber'\u001b[39m)\u001b[33m;\u001b[39m\u001b[22m\n\u001b[2m    \u001b[31m\u001b[1m>\u001b[22m\u001b[2m\u001b[39m\u001b[90m 211 |\u001b[39m       expect(firField)\u001b[33m.\u001b[39mtoBeDefined()\u001b[33m;\u001b[39m\u001b[22m\n\u001b[2m     \u001b[90m     |\u001b[39m                        \u001b[31m\u001b[1m^\u001b[22m\u001b[2m\u001b[39m\u001b[22m\n\u001b[2m     \u001b[90m 212 |\u001b[39m       expect(firField\u001b[33m.\u001b[39mvalue)\u001b[33m.\u001b[39mtoBe(\u001b[32m'CR/2026/9999-CYBER'\u001b[39m)\u001b[33m;\u001b[39m\u001b[22m\n\u001b[2m     \u001b[90m 213 |\u001b[39m       expect(firField\u001b[33m.\u001b[39mconfidence)\u001b[33m.\u001b[39mtoBeGreaterThan(\u001b[35m0.8\u001b[39m)\u001b[33m;\u001b[39m\u001b[22m\n\u001b[2m     \u001b[90m 214 |\u001b[39m\u001b[0m\u001b[22m\n\n\u001b[2m      \u001b[2mat Object.toBeDefined (\u001b[22m\u001b[2m\u001b[0m\u001b[36mtests/security_hardening.test.js\u001b[39m\u001b[0m\u001b[2m:211:24)\u001b[22m\u001b[2m\u001b[22m\n","name":"C:\\Users\\rohan\\securedocket\\backend\\tests\\security_hardening.test.js","startTime":1788505749772,"status":"failed","summary":""},{"assertionResults":[{"ancestorTitles":["Phase 10: Document Versioning and Edit Integrity"],"duration":345,"failing":false,"failureDetails":[{"name":"ApiError","statusCode":403,"errorCode":"INSUFFICIENT_PERMISSIONS","details":null,"isOperational":true,"timestamp":"2026-09-04T07:09:28.765Z"}],"failureMessages":["ApiError: Access forbidden: Role 'officer' is not authorized to create a document revision. Only Verifiers and Admins may do so.\n    at DocumentService.createDocumentVersion (C:\\Users\\rohan\\securedocket\\backend\\src\\services\\document.service.js:353:13)\n    at Object.createDocumentVersion (C:\\Users\\rohan\\securedocket\\backend\\tests\\versioning.test.js:116:46)\n    at Promise.finally.completed (C:\\Users\\rohan\\securedocket\\backend\\node_modules\\jest-circus\\build\\jestAdapterInit.js:1834:28)\n    at new Promise (<anonymous>)\n    at callAsyncCircusFn (C:\\Users\\rohan\\securedocket\\backend\\node_modules\\jest-circus\\build\\jestAdapterInit.js:1774:10)\n    at _callCircusTest (C:\\Users\\rohan\\securedocket\\backend\\node_modules\\jest-circus\\build\\jestAdapterInit.js:1167:40)\n    at processTicksAndRejections (node:internal/process/task_queues:95:5)\n    at _runTestInContext (C:\\Users\\rohan\\securedocket\\backend\\node_modules\\jest-circus\\build\\jestAdapterInit.js:1103:3)\n    at runTestWithContext (C:\\Users\\rohan\\securedocket\\backend\\node_modules\\jest-circus\\build\\jestAdapterInit.js:996:5)\n    at _runTestsForDescribeBlockOnce (C:\\Users\\rohan\\securedocket\\backend\\node_modules\\jest-circus\\build\\jestAdapterInit.js:1008:11)\n    at _runTestsForDescribeBlock (C:\\Users\\rohan\\securedocket\\backend\\node_modules\\jest-circus\\build\\jestAdapterInit.js:824:5)\n    at _runTestsForDescribeBlockOnce (C:\\Users\\rohan\\securedocket\\backend\\node_modules\\jest-circus\\build\\jestAdapterInit.js:1003:11)\n    at _runTestsForDescribeBlock (C:\\Users\\rohan\\securedocket\\backend\\node_modules\\jest-circus\\build\\jestAdapterInit.js:824:5)\n    at run (C:\\Users\\rohan\\securedocket\\backend\\node_modules\\jest-circus\\build\\jestAdapterInit.js:789:3)\n    at runAndTransformResultsToJestFormat (C:\\Users\\rohan\\securedocket\\backend\\node_modules\\jest-circus\\build\\jestAdapterInit.js:2300:21)\n    at jestAdapter (C:\\Users\\rohan\\securedocket\\backend\\node_modules\\jest-circus\\build\\runner.js:111:19)\n    at runTestInternal (C:\\Users\\rohan\\securedocket\\backend\\node_modules\\jest-runner\\build\\index.js:247:16)\n    at runTest (C:\\Users\\rohan\\securedocket\\backend\\node_modules\\jest-runner\\build\\index.js:315:7)"],"fullName":"Phase 10: Document Versioning and Edit Integrity 1. Should create new version (v2) and preserve original version (v1) without destructive overwrite","invocations":1,"location":null,"numPassingAsserts":0,"retryMessages":[],"retryReasons":[],"status":"failed","title":"1. Should create new version (v2) and preserve original version (v1) without destructive overwrite","startAt":1788505768479},{"ancestorTitles":["Phase 10: Document Versioning and Edit Integrity"],"duration":145,"failing":false,"failureDetails":[{"name":"ApiError","statusCode":403,"errorCode":"INSUFFICIENT_PERMISSIONS","details":null,"isOperational":true,"timestamp":"2026-09-04T07:09:28.898Z"}],"failureMessages":["ApiError: Access forbidden: Role 'officer' is not authorized to create a document revision. Only Verifiers and Admins may do so.\n    at DocumentService.createDocumentVersion (C:\\Users\\rohan\\securedocket\\backend\\src\\services\\document.service.js:353:13)\n    at Object.createDocumentVersion (C:\\Users\\rohan\\securedocket\\backend\\tests\\versioning.test.js:150:27)\n    at Promise.finally.completed (C:\\Users\\rohan\\securedocket\\backend\\node_modules\\jest-circus\\build\\jestAdapterInit.js:1834:28)\n    at new Promise (<anonymous>)\n    at callAsyncCircusFn (C:\\Users\\rohan\\securedocket\\backend\\node_modules\\jest-circus\\build\\jestAdapterInit.js:1774:10)\n    at _callCircusTest (C:\\Users\\rohan\\securedocket\\backend\\node_modules\\jest-circus\\build\\jestAdapterInit.js:1167:40)\n    at processTicksAndRejections (node:internal/process/task_queues:95:5)\n    at _runTestInContext (C:\\Users\\rohan\\securedocket\\backend\\node_modules\\jest-circus\\build\\jestAdapterInit.js:1103:3)\n    at runTestWithContext (C:\\Users\\rohan\\securedocket\\backend\\node_modules\\jest-circus\\build\\jestAdapterInit.js:996:5)\n    at _runTestsForDescribeBlockOnce (C:\\Users\\rohan\\securedocket\\backend\\node_modules\\jest-circus\\build\\jestAdapterInit.js:1008:11)\n    at _runTestsForDescribeBlock (C:\\Users\\rohan\\securedocket\\backend\\node_modules\\jest-circus\\build\\jestAdapterInit.js:824:5)\n    at _runTestsForDescribeBlockOnce (C:\\Users\\rohan\\securedocket\\backend\\node_modules\\jest-circus\\build\\jestAdapterInit.js:1003:11)\n    at _runTestsForDescribeBlock (C:\\Users\\rohan\\securedocket\\backend\\node_modules\\jest-circus\\build\\jestAdapterInit.js:824:5)\n    at run (C:\\Users\\rohan\\securedocket\\backend\\node_modules\\jest-circus\\build\\jestAdapterInit.js:789:3)\n    at runAndTransformResultsToJestFormat (C:\\Users\\rohan\\securedocket\\backend\\node_modules\\jest-circus\\build\\jestAdapterInit.js:2300:21)\n    at jestAdapter (C:\\Users\\rohan\\securedocket\\backend\\node_modules\\jest-circus\\build\\runner.js:111:19)\n    at runTestInternal (C:\\Users\\rohan\\securedocket\\backend\\node_modules\\jest-runner\\build\\index.js:247:16)\n    at runTest (C:\\Users\\rohan\\securedocket\\backend\\node_modules\\jest-runner\\build\\index.js:315:7)"],"fullName":"Phase 10: Document Versioning and Edit Integrity 2. Should support multiple sequential versions (v1 -> v2 -> v3) preserving full lineage","invocations":1,"location":null,"numPassingAsserts":0,"retryMessages":[],"retryReasons":[],"status":"failed","title":"2. Should support multiple sequential versions (v1 -> v2 -> v3) preserving full lineage","startAt":1788505768830},{"ancestorTitles":["Phase 10: Document Versioning and Edit Integrity"],"duration":64,"failing":false,"failureDetails":[{"name":"ApiError","statusCode":403,"errorCode":"INSUFFICIENT_PERMISSIONS","details":null,"isOperational":true,"timestamp":"2026-09-04T07:09:29.031Z"}],"failureMessages":["ApiError: Access forbidden: Role 'officer' is not authorized to create a document revision. Only Verifiers and Admins may do so.\n    at DocumentService.createDocumentVersion (C:\\Users\\rohan\\securedocket\\backend\\src\\services\\document.service.js:353:13)\n    at Object.createDocumentVersion (C:\\Users\\rohan\\securedocket\\backend\\tests\\versioning.test.js:193:27)\n    at Promise.finally.completed (C:\\Users\\rohan\\securedocket\\backend\\node_modules\\jest-circus\\build\\jestAdapterInit.js:1834:28)\n    at new Promise (<anonymous>)\n    at callAsyncCircusFn (C:\\Users\\rohan\\securedocket\\backend\\node_modules\\jest-circus\\build\\jestAdapterInit.js:1774:10)\n    at _callCircusTest (C:\\Users\\rohan\\securedocket\\backend\\node_modules\\jest-circus\\build\\jestAdapterInit.js:1167:40)\n    at processTicksAndRejections (node:internal/process/task_queues:95:5)\n    at _runTestInContext (C:\\Users\\rohan\\securedocket\\backend\\node_modules\\jest-circus\\build\\jestAdapterInit.js:1103:3)\n    at runTestWithContext (C:\\Users\\rohan\\securedocket\\backend\\node_modules\\jest-circus\\build\\jestAdapterInit.js:996:5)\n    at _runTestsForDescribeBlockOnce (C:\\Users\\rohan\\securedocket\\backend\\node_modules\\jest-circus\\build\\jestAdapterInit.js:1008:11)\n    at _runTestsForDescribeBlock (C:\\Users\\rohan\\securedocket\\backend\\node_modules\\jest-circus\\build\\jestAdapterInit.js:824:5)\n    at _runTestsForDescribeBlockOnce (C:\\Users\\rohan\\securedocket\\backend\\node_modules\\jest-circus\\build\\jestAdapterInit.js:1003:11)\n    at _runTestsForDescribeBlock (C:\\Users\\rohan\\securedocket\\backend\\node_modules\\jest-circus\\build\\jestAdapterInit.js:824:5)\n    at run (C:\\Users\\rohan\\securedocket\\backend\\node_modules\\jest-circus\\build\\jestAdapterInit.js:789:3)\n    at runAndTransformResultsToJestFormat (C:\\Users\\rohan\\securedocket\\backend\\node_modules\\jest-circus\\build\\jestAdapterInit.js:2300:21)\n    at jestAdapter (C:\\Users\\rohan\\securedocket\\backend\\node_modules\\jest-circus\\build\\runner.js:111:19)\n    at runTestInternal (C:\\Users\\rohan\\securedocket\\backend\\node_modules\\jest-runner\\build\\index.js:247:16)\n    at runTest (C:\\Users\\rohan\\securedocket\\backend\\node_modules\\jest-runner\\build\\index.js:315:7)"],"fullName":"Phase 10: Document Versioning and Edit Integrity 3. Should create chained audit log for every version created","invocations":1,"location":null,"numPassingAsserts":0,"retryMessages":[],"retryReasons":[],"status":"failed","title":"3. Should create chained audit log for every version created","startAt":1788505768976},{"ancestorTitles":["Phase 10: Document Versioning and Edit Integrity"],"duration":68,"failing":false,"failureDetails":[{"matcherResult":{"message":"\u001b[2mexpect(\u001b[22m\u001b[31mreceived\u001b[39m\u001b[2m).\u001b[22mrejects\u001b[2m.\u001b[22mtoThrow\u001b[2m(\u001b[22m\u001b[32mexpected\u001b[39m\u001b[2m)\u001b[22m\n\nExpected pattern: \u001b[32m/Access forbidden: Auditors are granted read-only oversight clearance/i\u001b[39m\nReceived message: \u001b[31m\"Access forbidden: Role 'auditor' is not authorized to create a document revision. Only Verifiers and Admins may do so.\"\u001b[39m\n\n    \u001b[0m \u001b[90m 351 |\u001b[39m     \u001b[90m// 1. RBAC Clearance Check\u001b[39m\n     \u001b[90m 352 |\u001b[39m     \u001b[36mif\u001b[39m (\u001b[33m!\u001b[39m[\u001b[33mROLES\u001b[39m\u001b[33m.\u001b[39m\u001b[33mVERIFIER\u001b[39m\u001b[33m,\u001b[39m \u001b[33mROLES\u001b[39m\u001b[33m.\u001b[39m\u001b[33mADMIN\u001b[39m]\u001b[33m.\u001b[39mincludes(user\u001b[33m.\u001b[39mrole)) {\n    \u001b[31m\u001b[1m>\u001b[22m\u001b[39m\u001b[90m 353 |\u001b[39m       \u001b[36mthrow\u001b[39m \u001b[36mnew\u001b[39m \u001b[33mApiError\u001b[39m(\n     \u001b[90m     |\u001b[39m             \u001b[31m\u001b[1m^\u001b[22m\u001b[39m\n     \u001b[90m 354 |\u001b[39m         \u001b[33mHTTP_STATUS\u001b[39m\u001b[33m.\u001b[39m\u001b[33mFORBIDDEN\u001b[39m\u001b[33m,\u001b[39m\n     \u001b[90m 355 |\u001b[39m         \u001b[32m`Access forbidden: Role '${user.role}' is not authorized to create a document revision. Only Verifiers and Admins may do so.`\u001b[39m\u001b[33m,\u001b[39m\n     \u001b[90m 356 |\u001b[39m         \u001b[33mERROR_CODES\u001b[39m\u001b[33m.\u001b[39m\u001b[33mINSUFFICIENT_PERMISSIONS\u001b[39m\u001b[0m\n\n      \u001b[2mat DocumentService.createDocumentVersion (\u001b[22msrc/services/document.service.js\u001b[2m:353:13)\u001b[22m\n      \u001b[2mat Object.createDocumentVersion (\u001b[22mtests/versioning.test.js\u001b[2m:220:23)\u001b[22m","pass":false},"message":"\u001b[2mexpect(\u001b[22m\u001b[31mreceived\u001b[39m\u001b[2m).\u001b[22mrejects\u001b[2m.\u001b[22mtoThrow\u001b[2m(\u001b[22m\u001b[32mexpected\u001b[39m\u001b[2m)\u001b[22m\n\nExpected pattern: \u001b[32m/Access forbidden: Auditors are granted read-only oversight clearance/i\u001b[39m\nReceived message: \u001b[31m\"Access forbidden: Role 'auditor' is not authorized to create a document revision. Only Verifiers and Admins may do so.\"\u001b[39m\n\n    \u001b[0m \u001b[90m 351 |\u001b[39m     \u001b[90m// 1. RBAC Clearance Check\u001b[39m\n     \u001b[90m 352 |\u001b[39m     \u001b[36mif\u001b[39m (\u001b[33m!\u001b[39m[\u001b[33mROLES\u001b[39m\u001b[33m.\u001b[39m\u001b[33mVERIFIER\u001b[39m\u001b[33m,\u001b[39m \u001b[33mROLES\u001b[39m\u001b[33m.\u001b[39m\u001b[33mADMIN\u001b[39m]\u001b[33m.\u001b[39mincludes(user\u001b[33m.\u001b[39mrole)) {\n    \u001b[31m\u001b[1m>\u001b[22m\u001b[39m\u001b[90m 353 |\u001b[39m       \u001b[36mthrow\u001b[39m \u001b[36mnew\u001b[39m \u001b[33mApiError\u001b[39m(\n     \u001b[90m     |\u001b[39m             \u001b[31m\u001b[1m^\u001b[22m\u001b[39m\n     \u001b[90m 354 |\u001b[39m         \u001b[33mHTTP_STATUS\u001b[39m\u001b[33m.\u001b[39m\u001b[33mFORBIDDEN\u001b[39m\u001b[33m,\u001b[39m\n     \u001b[90m 355 |\u001b[39m         \u001b[32m`Access forbidden: Role '${user.role}' is not authorized to create a document revision. Only Verifiers and Admins may do so.`\u001b[39m\u001b[33m,\u001b[39m\n     \u001b[90m 356 |\u001b[39m         \u001b[33mERROR_CODES\u001b[39m\u001b[33m.\u001b[39m\u001b[33mINSUFFICIENT_PERMISSIONS\u001b[39m\u001b[0m\n\n      \u001b[2mat DocumentService.createDocumentVersion (\u001b[22msrc/services/document.service.js\u001b[2m:353:13)\u001b[22m\n      \u001b[2mat Object.createDocumentVersion (\u001b[22mtests/versioning.test.js\u001b[2m:220:23)\u001b[22m"}],"failureMessages":["Error: \u001b[2mexpect(\u001b[22m\u001b[31mreceived\u001b[39m\u001b[2m).\u001b[22mrejects\u001b[2m.\u001b[22mtoThrow\u001b[2m(\u001b[22m\u001b[32mexpected\u001b[39m\u001b[2m)\u001b[22m\n\nExpected pattern: \u001b[32m/Access forbidden: Auditors are granted read-only oversight clearance/i\u001b[39m\nReceived message: \u001b[31m\"Access forbidden: Role 'auditor' is not authorized to create a document revision. Only Verifiers and Admins may do so.\"\u001b[39m\n\n    \u001b[0m \u001b[90m 351 |\u001b[39m     \u001b[90m// 1. RBAC Clearance Check\u001b[39m\n     \u001b[90m 352 |\u001b[39m     \u001b[36mif\u001b[39m (\u001b[33m!\u001b[39m[\u001b[33mROLES\u001b[39m\u001b[33m.\u001b[39m\u001b[33mVERIFIER\u001b[39m\u001b[33m,\u001b[39m \u001b[33mROLES\u001b[39m\u001b[33m.\u001b[39m\u001b[33mADMIN\u001b[39m]\u001b[33m.\u001b[39mincludes(user\u001b[33m.\u001b[39mrole)) {\n    \u001b[31m\u001b[1m>\u001b[22m\u001b[39m\u001b[90m 353 |\u001b[39m       \u001b[36mthrow\u001b[39m \u001b[36mnew\u001b[39m \u001b[33mApiError\u001b[39m(\n     \u001b[90m     |\u001b[39m             \u001b[31m\u001b[1m^\u001b[22m\u001b[39m\n     \u001b[90m 354 |\u001b[39m         \u001b[33mHTTP_STATUS\u001b[39m\u001b[33m.\u001b[39m\u001b[33mFORBIDDEN\u001b[39m\u001b[33m,\u001b[39m\n     \u001b[90m 355 |\u001b[39m         \u001b[32m`Access forbidden: Role '${user.role}' is not authorized to create a document revision. Only Verifiers and Admins may do so.`\u001b[39m\u001b[33m,\u001b[39m\n     \u001b[90m 356 |\u001b[39m         \u001b[33mERROR_CODES\u001b[39m\u001b[33m.\u001b[39m\u001b[33mINSUFFICIENT_PERMISSIONS\u001b[39m\u001b[0m\n\n      \u001b[2mat DocumentService.createDocumentVersion (\u001b[22msrc/services/document.service.js\u001b[2m:353:13)\u001b[22m\n      \u001b[2mat Object.createDocumentVersion (\u001b[22mtests/versioning.test.js\u001b[2m:220:23)\u001b[22m\n    at Object.toThrow (C:\\Users\\rohan\\securedocket\\backend\\node_modules\\expect\\build\\index.js:2155:20)\n    at Object.toThrow (C:\\Users\\rohan\\securedocket\\backend\\tests\\versioning.test.js:231:15)\n    at Promise.finally.completed (C:\\Users\\rohan\\securedocket\\backend\\node_modules\\jest-circus\\build\\jestAdapterInit.js:1834:28)\n    at new Promise (<anonymous>)\n    at callAsyncCircusFn (C:\\Users\\rohan\\securedocket\\backend\\node_modules\\jest-circus\\build\\jestAdapterInit.js:1774:10)\n    at _callCircusTest (C:\\Users\\rohan\\securedocket\\backend\\node_modules\\jest-circus\\build\\jestAdapterInit.js:1167:40)\n    at processTicksAndRejections (node:internal/process/task_queues:95:5)\n    at _runTestInContext (C:\\Users\\rohan\\securedocket\\backend\\node_modules\\jest-circus\\build\\jestAdapterInit.js:1103:3)\n    at runTestWithContext (C:\\Users\\rohan\\securedocket\\backend\\node_modules\\jest-circus\\build\\jestAdapterInit.js:996:5)\n    at _runTestsForDescribeBlockOnce (C:\\Users\\rohan\\securedocket\\backend\\node_modules\\jest-circus\\build\\jestAdapterInit.js:1008:11)\n    at _runTestsForDescribeBlock (C:\\Users\\rohan\\securedocket\\backend\\node_modules\\jest-circus\\build\\jestAdapterInit.js:824:5)\n    at _runTestsForDescribeBlockOnce (C:\\Users\\rohan\\securedocket\\backend\\node_modules\\jest-circus\\build\\jestAdapterInit.js:1003:11)\n    at _runTestsForDescribeBlock (C:\\Users\\rohan\\securedocket\\backend\\node_modules\\jest-circus\\build\\jestAdapterInit.js:824:5)\n    at run (C:\\Users\\rohan\\securedocket\\backend\\node_modules\\jest-circus\\build\\jestAdapterInit.js:789:3)\n    at runAndTransformResultsToJestFormat (C:\\Users\\rohan\\securedocket\\backend\\node_modules\\jest-circus\\build\\jestAdapterInit.js:2300:21)\n    at jestAdapter (C:\\Users\\rohan\\securedocket\\backend\\node_modules\\jest-circus\\build\\runner.js:111:19)\n    at runTestInternal (C:\\Users\\rohan\\securedocket\\backend\\node_modules\\jest-runner\\build\\index.js:247:16)\n    at runTest (C:\\Users\\rohan\\securedocket\\backend\\node_modules\\jest-runner\\build\\index.js:315:7)"],"fullName":"Phase 10: Document Versioning and Edit Integrity 4. Should reject modification attempts by Auditors (Read-Only RBAC)","invocations":1,"location":null,"numPassingAsserts":0,"retryMessages":[],"retryReasons":[],"status":"failed","title":"4. Should reject modification attempts by Auditors (Read-Only RBAC)","startAt":1788505769041},{"ancestorTitles":["Phase 10: Document Versioning and Edit Integrity"],"duration":46,"failing":false,"failureDetails":[{"matcherResult":{"message":"\u001b[2mexpect(\u001b[22m\u001b[31mreceived\u001b[39m\u001b[2m).\u001b[22mrejects\u001b[2m.\u001b[22mtoThrow\u001b[2m(\u001b[22m\u001b[32mexpected\u001b[39m\u001b[2m)\u001b[22m\n\nExpected pattern: \u001b[32m/Access forbidden: You cannot modify documents belonging to an unassigned case dossier/i\u001b[39m\nReceived message: \u001b[31m\"Access forbidden: Role 'officer' is not authorized to create a document revision. Only Verifiers and Admins may do so.\"\u001b[39m\n\n    \u001b[0m \u001b[90m 351 |\u001b[39m     \u001b[90m// 1. RBAC Clearance Check\u001b[39m\n     \u001b[90m 352 |\u001b[39m     \u001b[36mif\u001b[39m (\u001b[33m!\u001b[39m[\u001b[33mROLES\u001b[39m\u001b[33m.\u001b[39m\u001b[33mVERIFIER\u001b[39m\u001b[33m,\u001b[39m \u001b[33mROLES\u001b[39m\u001b[33m.\u001b[39m\u001b[33mADMIN\u001b[39m]\u001b[33m.\u001b[39mincludes(user\u001b[33m.\u001b[39mrole)) {\n    \u001b[31m\u001b[1m>\u001b[22m\u001b[39m\u001b[90m 353 |\u001b[39m       \u001b[36mthrow\u001b[39m \u001b[36mnew\u001b[39m \u001b[33mApiError\u001b[39m(\n     \u001b[90m     |\u001b[39m             \u001b[31m\u001b[1m^\u001b[22m\u001b[39m\n     \u001b[90m 354 |\u001b[39m         \u001b[33mHTTP_STATUS\u001b[39m\u001b[33m.\u001b[39m\u001b[33mFORBIDDEN\u001b[39m\u001b[33m,\u001b[39m\n     \u001b[90m 355 |\u001b[39m         \u001b[32m`Access forbidden: Role '${user.role}' is not authorized to create a document revision. Only Verifiers and Admins may do so.`\u001b[39m\u001b[33m,\u001b[39m\n     \u001b[90m 356 |\u001b[39m         \u001b[33mERROR_CODES\u001b[39m\u001b[33m.\u001b[39m\u001b[33mINSUFFICIENT_PERMISSIONS\u001b[39m\u001b[0m\n\n      \u001b[2mat DocumentService.createDocumentVersion (\u001b[22msrc/services/document.service.js\u001b[2m:353:13)\u001b[22m\n      \u001b[2mat Object.createDocumentVersion (\u001b[22mtests/versioning.test.js\u001b[2m:237:23)\u001b[22m","pass":false},"message":"\u001b[2mexpect(\u001b[22m\u001b[31mreceived\u001b[39m\u001b[2m).\u001b[22mrejects\u001b[2m.\u001b[22mtoThrow\u001b[2m(\u001b[22m\u001b[32mexpected\u001b[39m\u001b[2m)\u001b[22m\n\nExpected pattern: \u001b[32m/Access forbidden: You cannot modify documents belonging to an unassigned case dossier/i\u001b[39m\nReceived message: \u001b[31m\"Access forbidden: Role 'officer' is not authorized to create a document revision. Only Verifiers and Admins may do so.\"\u001b[39m\n\n    \u001b[0m \u001b[90m 351 |\u001b[39m     \u001b[90m// 1. RBAC Clearance Check\u001b[39m\n     \u001b[90m 352 |\u001b[39m     \u001b[36mif\u001b[39m (\u001b[33m!\u001b[39m[\u001b[33mROLES\u001b[39m\u001b[33m.\u001b[39m\u001b[33mVERIFIER\u001b[39m\u001b[33m,\u001b[39m \u001b[33mROLES\u001b[39m\u001b[33m.\u001b[39m\u001b[33mADMIN\u001b[39m]\u001b[33m.\u001b[39mincludes(user\u001b[33m.\u001b[39mrole)) {\n    \u001b[31m\u001b[1m>\u001b[22m\u001b[39m\u001b[90m 353 |\u001b[39m       \u001b[36mthrow\u001b[39m \u001b[36mnew\u001b[39m \u001b[33mApiError\u001b[39m(\n     \u001b[90m     |\u001b[39m             \u001b[31m\u001b[1m^\u001b[22m\u001b[39m\n     \u001b[90m 354 |\u001b[39m         \u001b[33mHTTP_STATUS\u001b[39m\u001b[33m.\u001b[39m\u001b[33mFORBIDDEN\u001b[39m\u001b[33m,\u001b[39m\n     \u001b[90m 355 |\u001b[39m         \u001b[32m`Access forbidden: Role '${user.role}' is not authorized to create a document revision. Only Verifiers and Admins may do so.`\u001b[39m\u001b[33m,\u001b[39m\n     \u001b[90m 356 |\u001b[39m         \u001b[33mERROR_CODES\u001b[39m\u001b[33m.\u001b[39m\u001b[33mINSUFFICIENT_PERMISSIONS\u001b[39m\u001b[0m\n\n      \u001b[2mat DocumentService.createDocumentVersion (\u001b[22msrc/services/document.service.js\u001b[2m:353:13)\u001b[22m\n      \u001b[2mat Object.createDocumentVersion (\u001b[22mtests/versioning.test.js\u001b[2m:237:23)\u001b[22m"}],"failureMessages":["Error: \u001b[2mexpect(\u001b[22m\u001b[31mreceived\u001b[39m\u001b[2m).\u001b[22mrejects\u001b[2m.\u001b[22mtoThrow\u001b[2m(\u001b[22m\u001b[32mexpected\u001b[39m\u001b[2m)\u001b[22m\n\nExpected pattern: \u001b[32m/Access forbidden: You cannot modify documents belonging to an unassigned case dossier/i\u001b[39m\nReceived message: \u001b[31m\"Access forbidden: Role 'officer' is not authorized to create a document revision. Only Verifiers and Admins may do so.\"\u001b[39m\n\n    \u001b[0m \u001b[90m 351 |\u001b[39m     \u001b[90m// 1. RBAC Clearance Check\u001b[39m\n     \u001b[90m 352 |\u001b[39m     \u001b[36mif\u001b[39m (\u001b[33m!\u001b[39m[\u001b[33mROLES\u001b[39m\u001b[33m.\u001b[39m\u001b[33mVERIFIER\u001b[39m\u001b[33m,\u001b[39m \u001b[33mROLES\u001b[39m\u001b[33m.\u001b[39m\u001b[33mADMIN\u001b[39m]\u001b[33m.\u001b[39mincludes(user\u001b[33m.\u001b[39mrole)) {\n    \u001b[31m\u001b[1m>\u001b[22m\u001b[39m\u001b[90m 353 |\u001b[39m       \u001b[36mthrow\u001b[39m \u001b[36mnew\u001b[39m \u001b[33mApiError\u001b[39m(\n     \u001b[90m     |\u001b[39m             \u001b[31m\u001b[1m^\u001b[22m\u001b[39m\n     \u001b[90m 354 |\u001b[39m         \u001b[33mHTTP_STATUS\u001b[39m\u001b[33m.\u001b[39m\u001b[33mFORBIDDEN\u001b[39m\u001b[33m,\u001b[39m\n     \u001b[90m 355 |\u001b[39m         \u001b[32m`Access forbidden: Role '${user.role}' is not authorized to create a document revision. Only Verifiers and Admins may do so.`\u001b[39m\u001b[33m,\u001b[39m\n     \u001b[90m 356 |\u001b[39m         \u001b[33mERROR_CODES\u001b[39m\u001b[33m.\u001b[39m\u001b[33mINSUFFICIENT_PERMISSIONS\u001b[39m\u001b[0m\n\n      \u001b[2mat DocumentService.createDocumentVersion (\u001b[22msrc/services/document.service.js\u001b[2m:353:13)\u001b[22m\n      \u001b[2mat Object.createDocumentVersion (\u001b[22mtests/versioning.test.js\u001b[2m:237:23)\u001b[22m\n    at Object.toThrow (C:\\Users\\rohan\\securedocket\\backend\\node_modules\\expect\\build\\index.js:2155:20)\n    at Object.toThrow (C:\\Users\\rohan\\securedocket\\backend\\tests\\versioning.test.js:248:15)\n    at Promise.finally.completed (C:\\Users\\rohan\\securedocket\\backend\\node_modules\\jest-circus\\build\\jestAdapterInit.js:1834:28)\n    at new Promise (<anonymous>)\n    at callAsyncCircusFn (C:\\Users\\rohan\\securedocket\\backend\\node_modules\\jest-circus\\build\\jestAdapterInit.js:1774:10)\n    at _callCircusTest (C:\\Users\\rohan\\securedocket\\backend\\node_modules\\jest-circus\\build\\jestAdapterInit.js:1167:40)\n    at processTicksAndRejections (node:internal/process/task_queues:95:5)\n    at _runTestInContext (C:\\Users\\rohan\\securedocket\\backend\\node_modules\\jest-circus\\build\\jestAdapterInit.js:1103:3)\n    at runTestWithContext (C:\\Users\\rohan\\securedocket\\backend\\node_modules\\jest-circus\\build\\jestAdapterInit.js:996:5)\n    at _runTestsForDescribeBlockOnce (C:\\Users\\rohan\\securedocket\\backend\\node_modules\\jest-circus\\build\\jestAdapterInit.js:1008:11)\n    at _runTestsForDescribeBlock (C:\\Users\\rohan\\securedocket\\backend\\node_modules\\jest-circus\\build\\jestAdapterInit.js:824:5)\n    at _runTestsForDescribeBlockOnce (C:\\Users\\rohan\\securedocket\\backend\\node_modules\\jest-circus\\build\\jestAdapterInit.js:1003:11)\n    at _runTestsForDescribeBlock (C:\\Users\\rohan\\securedocket\\backend\\node_modules\\jest-circus\\build\\jestAdapterInit.js:824:5)\n    at run (C:\\Users\\rohan\\securedocket\\backend\\node_modules\\jest-circus\\build\\jestAdapterInit.js:789:3)\n    at runAndTransformResultsToJestFormat (C:\\Users\\rohan\\securedocket\\backend\\node_modules\\jest-circus\\build\\jestAdapterInit.js:2300:21)\n    at jestAdapter (C:\\Users\\rohan\\securedocket\\backend\\node_modules\\jest-circus\\build\\runner.js:111:19)\n    at runTestInternal (C:\\Users\\rohan\\securedocket\\backend\\node_modules\\jest-runner\\build\\index.js:247:16)\n    at runTest (C:\\Users\\rohan\\securedocket\\backend\\node_modules\\jest-runner\\build\\index.js:315:7)"],"fullName":"Phase 10: Document Versioning and Edit Integrity 5. Should reject modification attempts by Officers not assigned to the case","invocations":1,"location":null,"numPassingAsserts":0,"retryMessages":[],"retryReasons":[],"status":"failed","title":"5. Should reject modification attempts by Officers not assigned to the case","startAt":1788505769112},{"ancestorTitles":["Phase 10: Document Versioning and Edit Integrity"],"duration":31,"failing":false,"failureDetails":[{"name":"ApiError","statusCode":403,"errorCode":"INSUFFICIENT_PERMISSIONS","details":null,"isOperational":true,"timestamp":"2026-09-04T07:09:29.181Z"}],"failureMessages":["ApiError: Access forbidden: Role 'officer' is not authorized to create a document revision. Only Verifiers and Admins may do so.\n    at DocumentService.createDocumentVersion (C:\\Users\\rohan\\securedocket\\backend\\src\\services\\document.service.js:353:13)\n    at Object.createDocumentVersion (C:\\Users\\rohan\\securedocket\\backend\\tests\\versioning.test.js:253:27)\n    at Promise.finally.completed (C:\\Users\\rohan\\securedocket\\backend\\node_modules\\jest-circus\\build\\jestAdapterInit.js:1834:28)\n    at new Promise (<anonymous>)\n    at callAsyncCircusFn (C:\\Users\\rohan\\securedocket\\backend\\node_modules\\jest-circus\\build\\jestAdapterInit.js:1774:10)\n    at _callCircusTest (C:\\Users\\rohan\\securedocket\\backend\\node_modules\\jest-circus\\build\\jestAdapterInit.js:1167:40)\n    at processTicksAndRejections (node:internal/process/task_queues:95:5)\n    at _runTestInContext (C:\\Users\\rohan\\securedocket\\backend\\node_modules\\jest-circus\\build\\jestAdapterInit.js:1103:3)\n    at runTestWithContext (C:\\Users\\rohan\\securedocket\\backend\\node_modules\\jest-circus\\build\\jestAdapterInit.js:996:5)\n    at _runTestsForDescribeBlockOnce (C:\\Users\\rohan\\securedocket\\backend\\node_modules\\jest-circus\\build\\jestAdapterInit.js:1008:11)\n    at _runTestsForDescribeBlock (C:\\Users\\rohan\\securedocket\\backend\\node_modules\\jest-circus\\build\\jestAdapterInit.js:824:5)\n    at _runTestsForDescribeBlockOnce (C:\\Users\\rohan\\securedocket\\backend\\node_modules\\jest-circus\\build\\jestAdapterInit.js:1003:11)\n    at _runTestsForDescribeBlock (C:\\Users\\rohan\\securedocket\\backend\\node_modules\\jest-circus\\build\\jestAdapterInit.js:824:5)\n    at run (C:\\Users\\rohan\\securedocket\\backend\\node_modules\\jest-circus\\build\\jestAdapterInit.js:789:3)\n    at runAndTransformResultsToJestFormat (C:\\Users\\rohan\\securedocket\\backend\\node_modules\\jest-circus\\build\\jestAdapterInit.js:2300:21)\n    at jestAdapter (C:\\Users\\rohan\\securedocket\\backend\\node_modules\\jest-circus\\build\\runner.js:111:19)\n    at runTestInternal (C:\\Users\\rohan\\securedocket\\backend\\node_modules\\jest-runner\\build\\index.js:247:16)\n    at runTest (C:\\Users\\rohan\\securedocket\\backend\\node_modules\\jest-runner\\build\\index.js:315:7)"],"fullName":"Phase 10: Document Versioning and Edit Integrity 6. Should allow version retrieval and accurate comparison metadata diffs","invocations":1,"location":null,"numPassingAsserts":0,"retryMessages":[],"retryReasons":[],"status":"failed","title":"6. Should allow version retrieval and accurate comparison metadata diffs","startAt":1788505769159}],"endTime":1788505769658,"message":"\u001b[1m\u001b[31m  \u001b[1m● \u001b[22m\u001b[1mPhase 10: Document Versioning and Edit Integrity › 1. Should create new version (v2) and preserve original version (v1) without destructive overwrite\u001b[39m\u001b[22m\n\n    ApiError: Access forbidden: Role 'officer' is not authorized to create a document revision. Only Verifiers and Admins may do so.\n\n\u001b[2m    \u001b[0m \u001b[90m 351 |\u001b[39m     \u001b[90m// 1. RBAC Clearance Check\u001b[39m\u001b[22m\n\u001b[2m     \u001b[90m 352 |\u001b[39m     \u001b[36mif\u001b[39m (\u001b[33m!\u001b[39m[\u001b[33mROLES\u001b[39m\u001b[33m.\u001b[39m\u001b[33mVERIFIER\u001b[39m\u001b[33m,\u001b[39m \u001b[33mROLES\u001b[39m\u001b[33m.\u001b[39m\u001b[33mADMIN\u001b[39m]\u001b[33m.\u001b[39mincludes(user\u001b[33m.\u001b[39mrole)) {\u001b[22m\n\u001b[2m    \u001b[31m\u001b[1m>\u001b[22m\u001b[2m\u001b[39m\u001b[90m 353 |\u001b[39m       \u001b[36mthrow\u001b[39m \u001b[36mnew\u001b[39m \u001b[33mApiError\u001b[39m(\u001b[22m\n\u001b[2m     \u001b[90m     |\u001b[39m             \u001b[31m\u001b[1m^\u001b[22m\u001b[2m\u001b[39m\u001b[22m\n\u001b[2m     \u001b[90m 354 |\u001b[39m         \u001b[33mHTTP_STATUS\u001b[39m\u001b[33m.\u001b[39m\u001b[33mFORBIDDEN\u001b[39m\u001b[33m,\u001b[39m\u001b[22m\n\u001b[2m     \u001b[90m 355 |\u001b[39m         \u001b[32m`Access forbidden: Role '${user.role}' is not authorized to create a document revision. Only Verifiers and Admins may do so.`\u001b[39m\u001b[33m,\u001b[39m\u001b[22m\n\u001b[2m     \u001b[90m 356 |\u001b[39m         \u001b[33mERROR_CODES\u001b[39m\u001b[33m.\u001b[39m\u001b[33mINSUFFICIENT_PERMISSIONS\u001b[39m\u001b[0m\u001b[22m\n\n\u001b[2m      \u001b[2mat DocumentService.createDocumentVersion (\u001b[22m\u001b[2msrc/services/document.service.js\u001b[2m:353:13)\u001b[22m\u001b[2m\u001b[22m\n\u001b[2m      \u001b[2mat Object.createDocumentVersion (\u001b[22m\u001b[2m\u001b[0m\u001b[36mtests/versioning.test.js\u001b[39m\u001b[0m\u001b[2m:116:46)\u001b[22m\u001b[2m\u001b[22m\n\n\u001b[1m\u001b[31m  \u001b[1m● \u001b[22m\u001b[1mPhase 10: Document Versioning and Edit Integrity › 2. Should support multiple sequential versions (v1 -> v2 -> v3) preserving full lineage\u001b[39m\u001b[22m\n\n    ApiError: Access forbidden: Role 'officer' is not authorized to create a document revision. Only Verifiers and Admins may do so.\n\n\u001b[2m    \u001b[0m \u001b[90m 351 |\u001b[39m     \u001b[90m// 1. RBAC Clearance Check\u001b[39m\u001b[22m\n\u001b[2m     \u001b[90m 352 |\u001b[39m     \u001b[36mif\u001b[39m (\u001b[33m!\u001b[39m[\u001b[33mROLES\u001b[39m\u001b[33m.\u001b[39m\u001b[33mVERIFIER\u001b[39m\u001b[33m,\u001b[39m \u001b[33mROLES\u001b[39m\u001b[33m.\u001b[39m\u001b[33mADMIN\u001b[39m]\u001b[33m.\u001b[39mincludes(user\u001b[33m.\u001b[39mrole)) {\u001b[22m\n\u001b[2m    \u001b[31m\u001b[1m>\u001b[22m\u001b[2m\u001b[39m\u001b[90m 353 |\u001b[39m       \u001b[36mthrow\u001b[39m \u001b[36mnew\u001b[39m \u001b[33mApiError\u001b[39m(\u001b[22m\n\u001b[2m     \u001b[90m     |\u001b[39m             \u001b[31m\u001b[1m^\u001b[22m\u001b[2m\u001b[39m\u001b[22m\n\u001b[2m     \u001b[90m 354 |\u001b[39m         \u001b[33mHTTP_STATUS\u001b[39m\u001b[33m.\u001b[39m\u001b[33mFORBIDDEN\u001b[39m\u001b[33m,\u001b[39m\u001b[22m\n\u001b[2m     \u001b[90m 355 |\u001b[39m         \u001b[32m`Access forbidden: Role '${user.role}' is not authorized to create a document revision. Only Verifiers and Admins may do so.`\u001b[39m\u001b[33m,\u001b[39m\u001b[22m\n\u001b[2m     \u001b[90m 356 |\u001b[39m         \u001b[33mERROR_CODES\u001b[39m\u001b[33m.\u001b[39m\u001b[33mINSUFFICIENT_PERMISSIONS\u001b[39m\u001b[0m\u001b[22m\n\n\u001b[2m      \u001b[2mat DocumentService.createDocumentVersion (\u001b[22m\u001b[2msrc/services/document.service.js\u001b[2m:353:13)\u001b[22m\u001b[2m\u001b[22m\n\u001b[2m      \u001b[2mat Object.createDocumentVersion (\u001b[22m\u001b[2m\u001b[0m\u001b[36mtests/versioning.test.js\u001b[39m\u001b[0m\u001b[2m:150:27)\u001b[22m\u001b[2m\u001b[22m\n\n\u001b[1m\u001b[31m  \u001b[1m● \u001b[22m\u001b[1mPhase 10: Document Versioning and Edit Integrity › 3. Should create chained audit log for every version created\u001b[39m\u001b[22m\n\n    ApiError: Access forbidden: Role 'officer' is not authorized to create a document revision. Only Verifiers and Admins may do so.\n\n\u001b[2m    \u001b[0m \u001b[90m 351 |\u001b[39m     \u001b[90m// 1. RBAC Clearance Check\u001b[39m\u001b[22m\n\u001b[2m     \u001b[90m 352 |\u001b[39m     \u001b[36mif\u001b[39m (\u001b[33m!\u001b[39m[\u001b[33mROLES\u001b[39m\u001b[33m.\u001b[39m\u001b[33mVERIFIER\u001b[39m\u001b[33m,\u001b[39m \u001b[33mROLES\u001b[39m\u001b[33m.\u001b[39m\u001b[33mADMIN\u001b[39m]\u001b[33m.\u001b[39mincludes(user\u001b[33m.\u001b[39mrole)) {\u001b[22m\n\u001b[2m    \u001b[31m\u001b[1m>\u001b[22m\u001b[2m\u001b[39m\u001b[90m 353 |\u001b[39m       \u001b[36mthrow\u001b[39m \u001b[36mnew\u001b[39m \u001b[33mApiError\u001b[39m(\u001b[22m\n\u001b[2m     \u001b[90m     |\u001b[39m             \u001b[31m\u001b[1m^\u001b[22m\u001b[2m\u001b[39m\u001b[22m\n\u001b[2m     \u001b[90m 354 |\u001b[39m         \u001b[33mHTTP_STATUS\u001b[39m\u001b[33m.\u001b[39m\u001b[33mFORBIDDEN\u001b[39m\u001b[33m,\u001b[39m\u001b[22m\n\u001b[2m     \u001b[90m 355 |\u001b[39m         \u001b[32m`Access forbidden: Role '${user.role}' is not authorized to create a document revision. Only Verifiers and Admins may do so.`\u001b[39m\u001b[33m,\u001b[39m\u001b[22m\n\u001b[2m     \u001b[90m 356 |\u001b[39m         \u001b[33mERROR_CODES\u001b[39m\u001b[33m.\u001b[39m\u001b[33mINSUFFICIENT_PERMISSIONS\u001b[39m\u001b[0m\u001b[22m\n\n\u001b[2m      \u001b[2mat DocumentService.createDocumentVersion (\u001b[22m\u001b[2msrc/services/document.service.js\u001b[2m:353:13)\u001b[22m\u001b[2m\u001b[22m\n\u001b[2m      \u001b[2mat Object.createDocumentVersion (\u001b[22m\u001b[2m\u001b[0m\u001b[36mtests/versioning.test.js\u001b[39m\u001b[0m\u001b[2m:193:27)\u001b[22m\u001b[2m\u001b[22m\n\n\u001b[1m\u001b[31m  \u001b[1m● \u001b[22m\u001b[1mPhase 10: Document Versioning and Edit Integrity › 4. Should reject modification attempts by Auditors (Read-Only RBAC)\u001b[39m\u001b[22m\n\n    \u001b[2mexpect(\u001b[22m\u001b[31mreceived\u001b[39m\u001b[2m).\u001b[22mrejects\u001b[2m.\u001b[22mtoThrow\u001b[2m(\u001b[22m\u001b[32mexpected\u001b[39m\u001b[2m)\u001b[22m\n\n    Expected pattern: \u001b[32m/Access forbidden: Auditors are granted read-only oversight clearance/i\u001b[39m\n    Received message: \u001b[31m\"Access forbidden: Role 'auditor' is not authorized to create a document revision. Only Verifiers and Admins may do so.\"\u001b[39m\n\n        \u001b[0m \u001b[90m 351 |\u001b[39m     \u001b[90m// 1. RBAC Clearance Check\u001b[39m\n         \u001b[90m 352 |\u001b[39m     \u001b[36mif\u001b[39m (\u001b[33m!\u001b[39m[\u001b[33mROLES\u001b[39m\u001b[33m.\u001b[39m\u001b[33mVERIFIER\u001b[39m\u001b[33m,\u001b[39m \u001b[33mROLES\u001b[39m\u001b[33m.\u001b[39m\u001b[33mADMIN\u001b[39m]\u001b[33m.\u001b[39mincludes(user\u001b[33m.\u001b[39mrole)) {\n        \u001b[31m\u001b[1m>\u001b[22m\u001b[39m\u001b[90m 353 |\u001b[39m       \u001b[36mthrow\u001b[39m \u001b[36mnew\u001b[39m \u001b[33mApiError\u001b[39m(\n         \u001b[90m     |\u001b[39m             \u001b[31m\u001b[1m^\u001b[22m\u001b[39m\n         \u001b[90m 354 |\u001b[39m         \u001b[33mHTTP_STATUS\u001b[39m\u001b[33m.\u001b[39m\u001b[33mFORBIDDEN\u001b[39m\u001b[33m,\u001b[39m\n         \u001b[90m 355 |\u001b[39m         \u001b[32m`Access forbidden: Role '${user.role}' is not authorized to create a document revision. Only Verifiers and Admins may do so.`\u001b[39m\u001b[33m,\u001b[39m\n         \u001b[90m 356 |\u001b[39m         \u001b[33mERROR_CODES\u001b[39m\u001b[33m.\u001b[39m\u001b[33mINSUFFICIENT_PERMISSIONS\u001b[39m\u001b[0m\n\n          \u001b[2mat DocumentService.createDocumentVersion (\u001b[22msrc/services/document.service.js\u001b[2m:353:13)\u001b[22m\n          \u001b[2mat Object.createDocumentVersion (\u001b[22mtests/versioning.test.js\u001b[2m:220:23)\u001b[22m\n\n\u001b[2m    \u001b[0m \u001b[90m 229 |\u001b[39m         user\u001b[33m:\u001b[39m auditorUser\u001b[33m,\u001b[39m\u001b[22m\n\u001b[2m     \u001b[90m 230 |\u001b[39m       })\u001b[22m\n\u001b[2m    \u001b[31m\u001b[1m>\u001b[22m\u001b[2m\u001b[39m\u001b[90m 231 |\u001b[39m     )\u001b[33m.\u001b[39mrejects\u001b[33m.\u001b[39mtoThrow(\u001b[35m/Access forbidden: Auditors are granted read-only oversight clearance/i\u001b[39m)\u001b[33m;\u001b[39m\u001b[22m\n\u001b[2m     \u001b[90m     |\u001b[39m               \u001b[31m\u001b[1m^\u001b[22m\u001b[2m\u001b[39m\u001b[22m\n\u001b[2m     \u001b[90m 232 |\u001b[39m   })\u001b[33m;\u001b[39m\u001b[22m\n\u001b[2m     \u001b[90m 233 |\u001b[39m\u001b[22m\n\u001b[2m     \u001b[90m 234 |\u001b[39m   test(\u001b[32m'5. Should reject modification attempts by Officers not assigned to the case'\u001b[39m\u001b[33m,\u001b[39m \u001b[36masync\u001b[39m () \u001b[33m=>\u001b[39m {\u001b[0m\u001b[22m\n\n\u001b[2m      \u001b[2mat Object.toThrow (\u001b[22m\u001b[2mnode_modules/expect/build/index.js\u001b[2m:2155:20)\u001b[22m\u001b[2m\u001b[22m\n\u001b[2m      \u001b[2mat Object.toThrow (\u001b[22m\u001b[2m\u001b[0m\u001b[36mtests/versioning.test.js\u001b[39m\u001b[0m\u001b[2m:231:15)\u001b[22m\u001b[2m\u001b[22m\n\n\u001b[1m\u001b[31m  \u001b[1m● \u001b[22m\u001b[1mPhase 10: Document Versioning and Edit Integrity › 5. Should reject modification attempts by Officers not assigned to the case\u001b[39m\u001b[22m\n\n    \u001b[2mexpect(\u001b[22m\u001b[31mreceived\u001b[39m\u001b[2m).\u001b[22mrejects\u001b[2m.\u001b[22mtoThrow\u001b[2m(\u001b[22m\u001b[32mexpected\u001b[39m\u001b[2m)\u001b[22m\n\n    Expected pattern: \u001b[32m/Access forbidden: You cannot modify documents belonging to an unassigned case dossier/i\u001b[39m\n    Received message: \u001b[31m\"Access forbidden: Role 'officer' is not authorized to create a document revision. Only Verifiers and Admins may do so.\"\u001b[39m\n\n        \u001b[0m \u001b[90m 351 |\u001b[39m     \u001b[90m// 1. RBAC Clearance Check\u001b[39m\n         \u001b[90m 352 |\u001b[39m     \u001b[36mif\u001b[39m (\u001b[33m!\u001b[39m[\u001b[33mROLES\u001b[39m\u001b[33m.\u001b[39m\u001b[33mVERIFIER\u001b[39m\u001b[33m,\u001b[39m \u001b[33mROLES\u001b[39m\u001b[33m.\u001b[39m\u001b[33mADMIN\u001b[39m]\u001b[33m.\u001b[39mincludes(user\u001b[33m.\u001b[39mrole)) {\n        \u001b[31m\u001b[1m>\u001b[22m\u001b[39m\u001b[90m 353 |\u001b[39m       \u001b[36mthrow\u001b[39m \u001b[36mnew\u001b[39m \u001b[33mApiError\u001b[39m(\n         \u001b[90m     |\u001b[39m             \u001b[31m\u001b[1m^\u001b[22m\u001b[39m\n         \u001b[90m 354 |\u001b[39m         \u001b[33mHTTP_STATUS\u001b[39m\u001b[33m.\u001b[39m\u001b[33mFORBIDDEN\u001b[39m\u001b[33m,\u001b[39m\n         \u001b[90m 355 |\u001b[39m         \u001b[32m`Access forbidden: Role '${user.role}' is not authorized to create a document revision. Only Verifiers and Admins may do so.`\u001b[39m\u001b[33m,\u001b[39m\n         \u001b[90m 356 |\u001b[39m         \u001b[33mERROR_CODES\u001b[39m\u001b[33m.\u001b[39m\u001b[33mINSUFFICIENT_PERMISSIONS\u001b[39m\u001b[0m\n\n          \u001b[2mat DocumentService.createDocumentVersion (\u001b[22msrc/services/document.service.js\u001b[2m:353:13)\u001b[22m\n          \u001b[2mat Object.createDocumentVersion (\u001b[22mtests/versioning.test.js\u001b[2m:237:23)\u001b[22m\n\n\u001b[2m    \u001b[0m \u001b[90m 246 |\u001b[39m         user\u001b[33m:\u001b[39m unauthorizedOfficer\u001b[33m,\u001b[39m\u001b[22m\n\u001b[2m     \u001b[90m 247 |\u001b[39m       })\u001b[22m\n\u001b[2m    \u001b[31m\u001b[1m>\u001b[22m\u001b[2m\u001b[39m\u001b[90m 248 |\u001b[39m     )\u001b[33m.\u001b[39mrejects\u001b[33m.\u001b[39mtoThrow(\u001b[35m/Access forbidden: You cannot modify documents belonging to an unassigned case dossier/i\u001b[39m)\u001b[33m;\u001b[39m\u001b[22m\n\u001b[2m     \u001b[90m     |\u001b[39m               \u001b[31m\u001b[1m^\u001b[22m\u001b[2m\u001b[39m\u001b[22m\n\u001b[2m     \u001b[90m 249 |\u001b[39m   })\u001b[33m;\u001b[39m\u001b[22m\n\u001b[2m     \u001b[90m 250 |\u001b[39m\u001b[22m\n\u001b[2m     \u001b[90m 251 |\u001b[39m   test(\u001b[32m'6. Should allow version retrieval and accurate comparison metadata diffs'\u001b[39m\u001b[33m,\u001b[39m \u001b[36masync\u001b[39m () \u001b[33m=>\u001b[39m {\u001b[0m\u001b[22m\n\n\u001b[2m      \u001b[2mat Object.toThrow (\u001b[22m\u001b[2mnode_modules/expect/build/index.js\u001b[2m:2155:20)\u001b[22m\u001b[2m\u001b[22m\n\u001b[2m      \u001b[2mat Object.toThrow (\u001b[22m\u001b[2m\u001b[0m\u001b[36mtests/versioning.test.js\u001b[39m\u001b[0m\u001b[2m:248:15)\u001b[22m\u001b[2m\u001b[22m\n\n\u001b[1m\u001b[31m  \u001b[1m● \u001b[22m\u001b[1mPhase 10: Document Versioning and Edit Integrity › 6. Should allow version retrieval and accurate comparison metadata diffs\u001b[39m\u001b[22m\n\n    ApiError: Access forbidden: Role 'officer' is not authorized to create a document revision. Only Verifiers and Admins may do so.\n\n\u001b[2m    \u001b[0m \u001b[90m 351 |\u001b[39m     \u001b[90m// 1. RBAC Clearance Check\u001b[39m\u001b[22m\n\u001b[2m     \u001b[90m 352 |\u001b[39m     \u001b[36mif\u001b[39m (\u001b[33m!\u001b[39m[\u001b[33mROLES\u001b[39m\u001b[33m.\u001b[39m\u001b[33mVERIFIER\u001b[39m\u001b[33m,\u001b[39m \u001b[33mROLES\u001b[39m\u001b[33m.\u001b[39m\u001b[33mADMIN\u001b[39m]\u001b[33m.\u001b[39mincludes(user\u001b[33m.\u001b[39mrole)) {\u001b[22m\n\u001b[2m    \u001b[31m\u001b[1m>\u001b[22m\u001b[2m\u001b[39m\u001b[90m 353 |\u001b[39m       \u001b[36mthrow\u001b[39m \u001b[36mnew\u001b[39m \u001b[33mApiError\u001b[39m(\u001b[22m\n\u001b[2m     \u001b[90m     |\u001b[39m             \u001b[31m\u001b[1m^\u001b[22m\u001b[2m\u001b[39m\u001b[22m\n\u001b[2m     \u001b[90m 354 |\u001b[39m         \u001b[33mHTTP_STATUS\u001b[39m\u001b[33m.\u001b[39m\u001b[33mFORBIDDEN\u001b[39m\u001b[33m,\u001b[39m\u001b[22m\n\u001b[2m     \u001b[90m 355 |\u001b[39m         \u001b[32m`Access forbidden: Role '${user.role}' is not authorized to create a document revision. Only Verifiers and Admins may do so.`\u001b[39m\u001b[33m,\u001b[39m\u001b[22m\n\u001b[2m     \u001b[90m 356 |\u001b[39m         \u001b[33mERROR_CODES\u001b[39m\u001b[33m.\u001b[39m\u001b[33mINSUFFICIENT_PERMISSIONS\u001b[39m\u001b[0m\u001b[22m\n\n\u001b[2m      \u001b[2mat DocumentService.createDocumentVersion (\u001b[22m\u001b[2msrc/services/document.service.js\u001b[2m:353:13)\u001b[22m\u001b[2m\u001b[22m\n\u001b[2m      \u001b[2mat Object.createDocumentVersion (\u001b[22m\u001b[2m\u001b[0m\u001b[36mtests/versioning.test.js\u001b[39m\u001b[0m\u001b[2m:253:27)\u001b[22m\u001b[2m\u001b[22m\n","name":"C:\\Users\\rohan\\securedocket\\backend\\tests\\versioning.test.js","startTime":1788505766953,"status":"failed","summary":""},{"assertionResults":[{"ancestorTitles":["Tamper-Evident Audit Trail - Hash Chain Verification"],"duration":40,"failing":false,"failureDetails":[{"errorLabelSet":{},"errorResponse":{"ok":0,"errmsg":"Transaction numbers are only allowed on a replica set member or mongos","code":20,"codeName":"IllegalOperation"},"ok":0,"code":20,"codeName":"IllegalOperation"}],"failureMessages":["MongoServerError: Transaction numbers are only allowed on a replica set member or mongos\n    at Connection.sendCommand (C:\\Users\\rohan\\securedocket\\backend\\node_modules\\mongodb\\src\\cmap\\connection.ts:559:17)\n    at processTicksAndRejections (node:internal/process/task_queues:95:5)\n    at Connection.command (C:\\Users\\rohan\\securedocket\\backend\\node_modules\\mongodb\\src\\cmap\\connection.ts:633:22)\n    at Server.command (C:\\Users\\rohan\\securedocket\\backend\\node_modules\\mongodb\\src\\sdam\\server.ts:350:21)\n    at tryOperation (C:\\Users\\rohan\\securedocket\\backend\\node_modules\\mongodb\\src\\operations\\execute_operation.ts:289:24)\n    at executeOperation (C:\\Users\\rohan\\securedocket\\backend\\node_modules\\mongodb\\src\\operations\\execute_operation.ts:119:12)\n    at FindCursor._initialize (C:\\Users\\rohan\\securedocket\\backend\\node_modules\\mongodb\\src\\cursor\\find_cursor.ts:92:22)\n    at FindCursor.cursorInit (C:\\Users\\rohan\\securedocket\\backend\\node_modules\\mongodb\\src\\cursor\\abstract_cursor.ts:949:21)\n    at FindCursor.fetchBatch (C:\\Users\\rohan\\securedocket\\backend\\node_modules\\mongodb\\src\\cursor\\abstract_cursor.ts:987:7)\n    at FindCursor.next (C:\\Users\\rohan\\securedocket\\backend\\node_modules\\mongodb\\src\\cursor\\abstract_cursor.ts:608:9)\n    at Collection.findOne (C:\\Users\\rohan\\securedocket\\backend\\node_modules\\mongodb\\src\\collection.ts:552:20)\n    at model.Query._findOne (C:\\Users\\rohan\\securedocket\\backend\\node_modules\\mongoose\\lib\\query.js:2710:15)\n    at model.Query.exec (C:\\Users\\rohan\\securedocket\\backend\\node_modules\\mongoose\\lib\\query.js:4622:63)\n    at C:\\Users\\rohan\\securedocket\\backend\\src\\services\\audit.service.js:27:29\n    at ClientSession.withTransaction (C:\\Users\\rohan\\securedocket\\backend\\node_modules\\mongodb\\src\\sessions.ts:750:20)\n    at recordAuditEntry (C:\\Users\\rohan\\securedocket\\backend\\src\\services\\audit.service.js:26:9)\n    at createNormalChain (C:\\Users\\rohan\\securedocket\\backend\\tests\\audit.test.js:27:7)\n    at Object.<anonymous> (C:\\Users\\rohan\\securedocket\\backend\\tests\\audit.test.js:38:5)"],"fullName":"Tamper-Evident Audit Trail - Hash Chain Verification 1. Normal chain passes verification","invocations":1,"location":null,"numPassingAsserts":0,"retryMessages":[],"retryReasons":[],"status":"failed","title":"1. Normal chain passes verification","startAt":1788505770915},{"ancestorTitles":["Tamper-Evident Audit Trail - Hash Chain Verification"],"duration":6,"failing":false,"failureDetails":[{"errorLabelSet":{},"errorResponse":{"ok":0,"errmsg":"Transaction numbers are only allowed on a replica set member or mongos","code":20,"codeName":"IllegalOperation"},"ok":0,"code":20,"codeName":"IllegalOperation"}],"failureMessages":["MongoServerError: Transaction numbers are only allowed on a replica set member or mongos\n    at Connection.sendCommand (C:\\Users\\rohan\\securedocket\\backend\\node_modules\\mongodb\\src\\cmap\\connection.ts:559:17)\n    at processTicksAndRejections (node:internal/process/task_queues:95:5)\n    at Connection.command (C:\\Users\\rohan\\securedocket\\backend\\node_modules\\mongodb\\src\\cmap\\connection.ts:633:22)\n    at Server.command (C:\\Users\\rohan\\securedocket\\backend\\node_modules\\mongodb\\src\\sdam\\server.ts:350:21)\n    at tryOperation (C:\\Users\\rohan\\securedocket\\backend\\node_modules\\mongodb\\src\\operations\\execute_operation.ts:289:24)\n    at executeOperation (C:\\Users\\rohan\\securedocket\\backend\\node_modules\\mongodb\\src\\operations\\execute_operation.ts:119:12)\n    at FindCursor._initialize (C:\\Users\\rohan\\securedocket\\backend\\node_modules\\mongodb\\src\\cursor\\find_cursor.ts:92:22)\n    at FindCursor.cursorInit (C:\\Users\\rohan\\securedocket\\backend\\node_modules\\mongodb\\src\\cursor\\abstract_cursor.ts:949:21)\n    at FindCursor.fetchBatch (C:\\Users\\rohan\\securedocket\\backend\\node_modules\\mongodb\\src\\cursor\\abstract_cursor.ts:987:7)\n    at FindCursor.next (C:\\Users\\rohan\\securedocket\\backend\\node_modules\\mongodb\\src\\cursor\\abstract_cursor.ts:608:9)\n    at Collection.findOne (C:\\Users\\rohan\\securedocket\\backend\\node_modules\\mongodb\\src\\collection.ts:552:20)\n    at model.Query._findOne (C:\\Users\\rohan\\securedocket\\backend\\node_modules\\mongoose\\lib\\query.js:2710:15)\n    at model.Query.exec (C:\\Users\\rohan\\securedocket\\backend\\node_modules\\mongoose\\lib\\query.js:4622:63)\n    at C:\\Users\\rohan\\securedocket\\backend\\src\\services\\audit.service.js:27:29\n    at ClientSession.withTransaction (C:\\Users\\rohan\\securedocket\\backend\\node_modules\\mongodb\\src\\sessions.ts:750:20)\n    at recordAuditEntry (C:\\Users\\rohan\\securedocket\\backend\\src\\services\\audit.service.js:26:9)\n    at createNormalChain (C:\\Users\\rohan\\securedocket\\backend\\tests\\audit.test.js:27:7)\n    at Object.<anonymous> (C:\\Users\\rohan\\securedocket\\backend\\tests\\audit.test.js:46:5)"],"fullName":"Tamper-Evident Audit Trail - Hash Chain Verification 2. Modified event payload fails verification","invocations":1,"location":null,"numPassingAsserts":0,"retryMessages":[],"retryReasons":[],"status":"failed","title":"2. Modified event payload fails verification","startAt":1788505770963},{"ancestorTitles":["Tamper-Evident Audit Trail - Hash Chain Verification"],"duration":7,"failing":false,"failureDetails":[{"errorLabelSet":{},"errorResponse":{"ok":0,"errmsg":"Transaction numbers are only allowed on a replica set member or mongos","code":20,"codeName":"IllegalOperation"},"ok":0,"code":20,"codeName":"IllegalOperation"}],"failureMessages":["MongoServerError: Transaction numbers are only allowed on a replica set member or mongos\n    at Connection.sendCommand (C:\\Users\\rohan\\securedocket\\backend\\node_modules\\mongodb\\src\\cmap\\connection.ts:559:17)\n    at processTicksAndRejections (node:internal/process/task_queues:95:5)\n    at Connection.command (C:\\Users\\rohan\\securedocket\\backend\\node_modules\\mongodb\\src\\cmap\\connection.ts:633:22)\n    at Server.command (C:\\Users\\rohan\\securedocket\\backend\\node_modules\\mongodb\\src\\sdam\\server.ts:350:21)\n    at tryOperation (C:\\Users\\rohan\\securedocket\\backend\\node_modules\\mongodb\\src\\operations\\execute_operation.ts:289:24)\n    at executeOperation (C:\\Users\\rohan\\securedocket\\backend\\node_modules\\mongodb\\src\\operations\\execute_operation.ts:119:12)\n    at FindCursor._initialize (C:\\Users\\rohan\\securedocket\\backend\\node_modules\\mongodb\\src\\cursor\\find_cursor.ts:92:22)\n    at FindCursor.cursorInit (C:\\Users\\rohan\\securedocket\\backend\\node_modules\\mongodb\\src\\cursor\\abstract_cursor.ts:949:21)\n    at FindCursor.fetchBatch (C:\\Users\\rohan\\securedocket\\backend\\node_modules\\mongodb\\src\\cursor\\abstract_cursor.ts:987:7)\n    at FindCursor.next (C:\\Users\\rohan\\securedocket\\backend\\node_modules\\mongodb\\src\\cursor\\abstract_cursor.ts:608:9)\n    at Collection.findOne (C:\\Users\\rohan\\securedocket\\backend\\node_modules\\mongodb\\src\\collection.ts:552:20)\n    at model.Query._findOne (C:\\Users\\rohan\\securedocket\\backend\\node_modules\\mongoose\\lib\\query.js:2710:15)\n    at model.Query.exec (C:\\Users\\rohan\\securedocket\\backend\\node_modules\\mongoose\\lib\\query.js:4622:63)\n    at C:\\Users\\rohan\\securedocket\\backend\\src\\services\\audit.service.js:27:29\n    at ClientSession.withTransaction (C:\\Users\\rohan\\securedocket\\backend\\node_modules\\mongodb\\src\\sessions.ts:750:20)\n    at recordAuditEntry (C:\\Users\\rohan\\securedocket\\backend\\src\\services\\audit.service.js:26:9)\n    at createNormalChain (C:\\Users\\rohan\\securedocket\\backend\\tests\\audit.test.js:27:7)\n    at Object.<anonymous> (C:\\Users\\rohan\\securedocket\\backend\\tests\\audit.test.js:64:5)"],"fullName":"Tamper-Evident Audit Trail - Hash Chain Verification 3. Modified currentHash fails verification","invocations":1,"location":null,"numPassingAsserts":0,"retryMessages":[],"retryReasons":[],"status":"failed","title":"3. Modified currentHash fails verification","startAt":1788505770970},{"ancestorTitles":["Tamper-Evident Audit Trail - Hash Chain Verification"],"duration":3,"failing":false,"failureDetails":[{"errorLabelSet":{},"errorResponse":{"ok":0,"errmsg":"Transaction numbers are only allowed on a replica set member or mongos","code":20,"codeName":"IllegalOperation"},"ok":0,"code":20,"codeName":"IllegalOperation"}],"failureMessages":["MongoServerError: Transaction numbers are only allowed on a replica set member or mongos\n    at Connection.sendCommand (C:\\Users\\rohan\\securedocket\\backend\\node_modules\\mongodb\\src\\cmap\\connection.ts:559:17)\n    at processTicksAndRejections (node:internal/process/task_queues:95:5)\n    at Connection.command (C:\\Users\\rohan\\securedocket\\backend\\node_modules\\mongodb\\src\\cmap\\connection.ts:633:22)\n    at Server.command (C:\\Users\\rohan\\securedocket\\backend\\node_modules\\mongodb\\src\\sdam\\server.ts:350:21)\n    at tryOperation (C:\\Users\\rohan\\securedocket\\backend\\node_modules\\mongodb\\src\\operations\\execute_operation.ts:289:24)\n    at executeOperation (C:\\Users\\rohan\\securedocket\\backend\\node_modules\\mongodb\\src\\operations\\execute_operation.ts:119:12)\n    at FindCursor._initialize (C:\\Users\\rohan\\securedocket\\backend\\node_modules\\mongodb\\src\\cursor\\find_cursor.ts:92:22)\n    at FindCursor.cursorInit (C:\\Users\\rohan\\securedocket\\backend\\node_modules\\mongodb\\src\\cursor\\abstract_cursor.ts:949:21)\n    at FindCursor.fetchBatch (C:\\Users\\rohan\\securedocket\\backend\\node_modules\\mongodb\\src\\cursor\\abstract_cursor.ts:987:7)\n    at FindCursor.next (C:\\Users\\rohan\\securedocket\\backend\\node_modules\\mongodb\\src\\cursor\\abstract_cursor.ts:608:9)\n    at Collection.findOne (C:\\Users\\rohan\\securedocket\\backend\\node_modules\\mongodb\\src\\collection.ts:552:20)\n    at model.Query._findOne (C:\\Users\\rohan\\securedocket\\backend\\node_modules\\mongoose\\lib\\query.js:2710:15)\n    at model.Query.exec (C:\\Users\\rohan\\securedocket\\backend\\node_modules\\mongoose\\lib\\query.js:4622:63)\n    at C:\\Users\\rohan\\securedocket\\backend\\src\\services\\audit.service.js:27:29\n    at ClientSession.withTransaction (C:\\Users\\rohan\\securedocket\\backend\\node_modules\\mongodb\\src\\sessions.ts:750:20)\n    at recordAuditEntry (C:\\Users\\rohan\\securedocket\\backend\\src\\services\\audit.service.js:26:9)\n    at createNormalChain (C:\\Users\\rohan\\securedocket\\backend\\tests\\audit.test.js:27:7)\n    at Object.<anonymous> (C:\\Users\\rohan\\securedocket\\backend\\tests\\audit.test.js:82:5)"],"fullName":"Tamper-Evident Audit Trail - Hash Chain Verification 4. Modified previousHash fails verification","invocations":1,"location":null,"numPassingAsserts":0,"retryMessages":[],"retryReasons":[],"status":"failed","title":"4. Modified previousHash fails verification","startAt":1788505770978},{"ancestorTitles":["Tamper-Evident Audit Trail - Hash Chain Verification"],"duration":7,"failing":false,"failureDetails":[{"errorLabelSet":{},"errorResponse":{"ok":0,"errmsg":"Transaction numbers are only allowed on a replica set member or mongos","code":20,"codeName":"IllegalOperation"},"ok":0,"code":20,"codeName":"IllegalOperation"}],"failureMessages":["MongoServerError: Transaction numbers are only allowed on a replica set member or mongos\n    at Connection.sendCommand (C:\\Users\\rohan\\securedocket\\backend\\node_modules\\mongodb\\src\\cmap\\connection.ts:559:17)\n    at processTicksAndRejections (node:internal/process/task_queues:95:5)\n    at Connection.command (C:\\Users\\rohan\\securedocket\\backend\\node_modules\\mongodb\\src\\cmap\\connection.ts:633:22)\n    at Server.command (C:\\Users\\rohan\\securedocket\\backend\\node_modules\\mongodb\\src\\sdam\\server.ts:350:21)\n    at tryOperation (C:\\Users\\rohan\\securedocket\\backend\\node_modules\\mongodb\\src\\operations\\execute_operation.ts:289:24)\n    at executeOperation (C:\\Users\\rohan\\securedocket\\backend\\node_modules\\mongodb\\src\\operations\\execute_operation.ts:119:12)\n    at FindCursor._initialize (C:\\Users\\rohan\\securedocket\\backend\\node_modules\\mongodb\\src\\cursor\\find_cursor.ts:92:22)\n    at FindCursor.cursorInit (C:\\Users\\rohan\\securedocket\\backend\\node_modules\\mongodb\\src\\cursor\\abstract_cursor.ts:949:21)\n    at FindCursor.fetchBatch (C:\\Users\\rohan\\securedocket\\backend\\node_modules\\mongodb\\src\\cursor\\abstract_cursor.ts:987:7)\n    at FindCursor.next (C:\\Users\\rohan\\securedocket\\backend\\node_modules\\mongodb\\src\\cursor\\abstract_cursor.ts:608:9)\n    at Collection.findOne (C:\\Users\\rohan\\securedocket\\backend\\node_modules\\mongodb\\src\\collection.ts:552:20)\n    at model.Query._findOne (C:\\Users\\rohan\\securedocket\\backend\\node_modules\\mongoose\\lib\\query.js:2710:15)\n    at model.Query.exec (C:\\Users\\rohan\\securedocket\\backend\\node_modules\\mongoose\\lib\\query.js:4622:63)\n    at C:\\Users\\rohan\\securedocket\\backend\\src\\services\\audit.service.js:27:29\n    at ClientSession.withTransaction (C:\\Users\\rohan\\securedocket\\backend\\node_modules\\mongodb\\src\\sessions.ts:750:20)\n    at recordAuditEntry (C:\\Users\\rohan\\securedocket\\backend\\src\\services\\audit.service.js:26:9)\n    at createNormalChain (C:\\Users\\rohan\\securedocket\\backend\\tests\\audit.test.js:27:7)\n    at Object.<anonymous> (C:\\Users\\rohan\\securedocket\\backend\\tests\\audit.test.js:101:5)"],"fullName":"Tamper-Evident Audit Trail - Hash Chain Verification 5. Deleted/interrupted entry is detected","invocations":1,"location":null,"numPassingAsserts":0,"retryMessages":[],"retryReasons":[],"status":"failed","title":"5. Deleted/interrupted entry is detected","startAt":1788505770982},{"ancestorTitles":["Tamper-Evident Audit Trail - Hash Chain Verification"],"duration":7,"failing":false,"failureDetails":[{"errorLabelSet":{},"errorResponse":{"ok":0,"errmsg":"Transaction numbers are only allowed on a replica set member or mongos","code":20,"codeName":"IllegalOperation"},"ok":0,"code":20,"codeName":"IllegalOperation"}],"failureMessages":["MongoServerError: Transaction numbers are only allowed on a replica set member or mongos\n    at Connection.sendCommand (C:\\Users\\rohan\\securedocket\\backend\\node_modules\\mongodb\\src\\cmap\\connection.ts:559:17)\n    at processTicksAndRejections (node:internal/process/task_queues:95:5)\n    at Connection.command (C:\\Users\\rohan\\securedocket\\backend\\node_modules\\mongodb\\src\\cmap\\connection.ts:633:22)\n    at Server.command (C:\\Users\\rohan\\securedocket\\backend\\node_modules\\mongodb\\src\\sdam\\server.ts:350:21)\n    at tryOperation (C:\\Users\\rohan\\securedocket\\backend\\node_modules\\mongodb\\src\\operations\\execute_operation.ts:289:24)\n    at executeOperation (C:\\Users\\rohan\\securedocket\\backend\\node_modules\\mongodb\\src\\operations\\execute_operation.ts:119:12)\n    at FindCursor._initialize (C:\\Users\\rohan\\securedocket\\backend\\node_modules\\mongodb\\src\\cursor\\find_cursor.ts:92:22)\n    at FindCursor.cursorInit (C:\\Users\\rohan\\securedocket\\backend\\node_modules\\mongodb\\src\\cursor\\abstract_cursor.ts:949:21)\n    at FindCursor.fetchBatch (C:\\Users\\rohan\\securedocket\\backend\\node_modules\\mongodb\\src\\cursor\\abstract_cursor.ts:987:7)\n    at FindCursor.next (C:\\Users\\rohan\\securedocket\\backend\\node_modules\\mongodb\\src\\cursor\\abstract_cursor.ts:608:9)\n    at Collection.findOne (C:\\Users\\rohan\\securedocket\\backend\\node_modules\\mongodb\\src\\collection.ts:552:20)\n    at model.Query._findOne (C:\\Users\\rohan\\securedocket\\backend\\node_modules\\mongoose\\lib\\query.js:2710:15)\n    at model.Query.exec (C:\\Users\\rohan\\securedocket\\backend\\node_modules\\mongoose\\lib\\query.js:4622:63)\n    at C:\\Users\\rohan\\securedocket\\backend\\src\\services\\audit.service.js:27:29\n    at ClientSession.withTransaction (C:\\Users\\rohan\\securedocket\\backend\\node_modules\\mongodb\\src\\sessions.ts:750:20)\n    at recordAuditEntry (C:\\Users\\rohan\\securedocket\\backend\\src\\services\\audit.service.js:26:9)\n    at createNormalChain (C:\\Users\\rohan\\securedocket\\backend\\tests\\audit.test.js:27:7)\n    at Object.<anonymous> (C:\\Users\\rohan\\securedocket\\backend\\tests\\audit.test.js:115:5)"],"fullName":"Tamper-Evident Audit Trail - Hash Chain Verification 6. Reordered events are detected","invocations":1,"location":null,"numPassingAsserts":0,"retryMessages":[],"retryReasons":[],"status":"failed","title":"6. Reordered events are detected","startAt":1788505770990}],"endTime":1788505771114,"message":"\u001b[1m\u001b[31m  \u001b[1m● \u001b[22m\u001b[1mTamper-Evident Audit Trail - Hash Chain Verification › 1. Normal chain passes verification\u001b[39m\u001b[22m\n\n    MongoServerError: Transaction numbers are only allowed on a replica set member or mongos\n\n\u001b[2m    \u001b[0m \u001b[90m 25 |\u001b[39m         \u001b[36mlet\u001b[39m record \u001b[33m=\u001b[39m \u001b[36mnull\u001b[39m\u001b[33m;\u001b[39m\u001b[22m\n\u001b[2m     \u001b[90m 26 |\u001b[39m         \u001b[36mawait\u001b[39m session\u001b[33m.\u001b[39mwithTransaction(\u001b[36masync\u001b[39m () \u001b[33m=>\u001b[39m {\u001b[22m\n\u001b[2m    \u001b[31m\u001b[1m>\u001b[22m\u001b[2m\u001b[39m\u001b[90m 27 |\u001b[39m           \u001b[36mconst\u001b[39m lastEntry \u001b[33m=\u001b[39m \u001b[36mawait\u001b[39m \u001b[33mAuditLog\u001b[39m\u001b[33m.\u001b[39mfindOne({}\u001b[33m,\u001b[39m {}\u001b[33m,\u001b[39m { sort\u001b[33m:\u001b[39m { timestamp\u001b[33m:\u001b[39m \u001b[33m-\u001b[39m\u001b[35m1\u001b[39m\u001b[33m,\u001b[39m _id\u001b[33m:\u001b[39m \u001b[33m-\u001b[39m\u001b[35m1\u001b[39m }\u001b[33m,\u001b[39m session })\u001b[33m.\u001b[39mlean()\u001b[33m;\u001b[39m\u001b[22m\n\u001b[2m     \u001b[90m    |\u001b[39m                             \u001b[31m\u001b[1m^\u001b[22m\u001b[2m\u001b[39m\u001b[22m\n\u001b[2m     \u001b[90m 28 |\u001b[39m           \u001b[36mconst\u001b[39m previousHash \u001b[33m=\u001b[39m lastEntry \u001b[33m?\u001b[39m lastEntry\u001b[33m.\u001b[39mcurrentHash \u001b[33m:\u001b[39m \u001b[33mGENESIS_HASH\u001b[39m\u001b[33m;\u001b[39m\u001b[22m\n\u001b[2m     \u001b[90m 29 |\u001b[39m           \u001b[36mconst\u001b[39m timestamp \u001b[33m=\u001b[39m \u001b[36mnew\u001b[39m \u001b[33mDate\u001b[39m()\u001b[33m;\u001b[39m\u001b[22m\n\u001b[2m     \u001b[90m 30 |\u001b[39m           \u001b[36mconst\u001b[39m payload \u001b[33m=\u001b[39m {\u001b[0m\u001b[22m\n\n\u001b[2m      \u001b[2mat Connection.sendCommand (\u001b[22m\u001b[2mnode_modules/mongodb/src/cmap/connection.ts\u001b[2m:559:17)\u001b[22m\u001b[2m\u001b[22m\n\u001b[2m      \u001b[2mat Connection.command (\u001b[22m\u001b[2mnode_modules/mongodb/src/cmap/connection.ts\u001b[2m:633:22)\u001b[22m\u001b[2m\u001b[22m\n\u001b[2m      \u001b[2mat Server.command (\u001b[22m\u001b[2mnode_modules/mongodb/src/sdam/server.ts\u001b[2m:350:21)\u001b[22m\u001b[2m\u001b[22m\n\u001b[2m      \u001b[2mat tryOperation (\u001b[22m\u001b[2mnode_modules/mongodb/src/operations/execute_operation.ts\u001b[2m:289:24)\u001b[22m\u001b[2m\u001b[22m\n\u001b[2m      \u001b[2mat executeOperation (\u001b[22m\u001b[2mnode_modules/mongodb/src/operations/execute_operation.ts\u001b[2m:119:12)\u001b[22m\u001b[2m\u001b[22m\n\u001b[2m      \u001b[2mat FindCursor._initialize (\u001b[22m\u001b[2mnode_modules/mongodb/src/cursor/find_cursor.ts\u001b[2m:92:22)\u001b[22m\u001b[2m\u001b[22m\n\u001b[2m      \u001b[2mat FindCursor.cursorInit (\u001b[22m\u001b[2mnode_modules/mongodb/src/cursor/abstract_cursor.ts\u001b[2m:949:21)\u001b[22m\u001b[2m\u001b[22m\n\u001b[2m      \u001b[2mat FindCursor.fetchBatch (\u001b[22m\u001b[2mnode_modules/mongodb/src/cursor/abstract_cursor.ts\u001b[2m:987:7)\u001b[22m\u001b[2m\u001b[22m\n\u001b[2m      \u001b[2mat FindCursor.next (\u001b[22m\u001b[2mnode_modules/mongodb/src/cursor/abstract_cursor.ts\u001b[2m:608:9)\u001b[22m\u001b[2m\u001b[22m\n\u001b[2m      \u001b[2mat Collection.findOne (\u001b[22m\u001b[2mnode_modules/mongodb/src/collection.ts\u001b[2m:552:20)\u001b[22m\u001b[2m\u001b[22m\n\u001b[2m      \u001b[2mat model.Query._findOne (\u001b[22m\u001b[2mnode_modules/mongoose/lib/query.js\u001b[2m:2710:15)\u001b[22m\u001b[2m\u001b[22m\n\u001b[2m      \u001b[2mat model.Query.exec (\u001b[22m\u001b[2mnode_modules/mongoose/lib/query.js\u001b[2m:4622:63)\u001b[22m\u001b[2m\u001b[22m\n\u001b[2m      \u001b[2mat \u001b[22m\u001b[2msrc/services/audit.service.js\u001b[2m:27:29\u001b[22m\u001b[2m\u001b[22m\n\u001b[2m      \u001b[2mat ClientSession.withTransaction (\u001b[22m\u001b[2mnode_modules/mongodb/src/sessions.ts\u001b[2m:750:20)\u001b[22m\u001b[2m\u001b[22m\n\u001b[2m      \u001b[2mat recordAuditEntry (\u001b[22m\u001b[2msrc/services/audit.service.js\u001b[2m:26:9)\u001b[22m\u001b[2m\u001b[22m\n\u001b[2m      \u001b[2mat createNormalChain (\u001b[22m\u001b[2m\u001b[0m\u001b[36mtests/audit.test.js\u001b[39m\u001b[0m\u001b[2m:27:7)\u001b[22m\u001b[2m\u001b[22m\n\u001b[2m      \u001b[2mat Object.<anonymous> (\u001b[22m\u001b[2m\u001b[0m\u001b[36mtests/audit.test.js\u001b[39m\u001b[0m\u001b[2m:38:5)\u001b[22m\u001b[2m\u001b[22m\n\n\u001b[1m\u001b[31m  \u001b[1m● \u001b[22m\u001b[1mTamper-Evident Audit Trail - Hash Chain Verification › 2. Modified event payload fails verification\u001b[39m\u001b[22m\n\n    MongoServerError: Transaction numbers are only allowed on a replica set member or mongos\n\n\u001b[2m    \u001b[0m \u001b[90m 25 |\u001b[39m         \u001b[36mlet\u001b[39m record \u001b[33m=\u001b[39m \u001b[36mnull\u001b[39m\u001b[33m;\u001b[39m\u001b[22m\n\u001b[2m     \u001b[90m 26 |\u001b[39m         \u001b[36mawait\u001b[39m session\u001b[33m.\u001b[39mwithTransaction(\u001b[36masync\u001b[39m () \u001b[33m=>\u001b[39m {\u001b[22m\n\u001b[2m    \u001b[31m\u001b[1m>\u001b[22m\u001b[2m\u001b[39m\u001b[90m 27 |\u001b[39m           \u001b[36mconst\u001b[39m lastEntry \u001b[33m=\u001b[39m \u001b[36mawait\u001b[39m \u001b[33mAuditLog\u001b[39m\u001b[33m.\u001b[39mfindOne({}\u001b[33m,\u001b[39m {}\u001b[33m,\u001b[39m { sort\u001b[33m:\u001b[39m { timestamp\u001b[33m:\u001b[39m \u001b[33m-\u001b[39m\u001b[35m1\u001b[39m\u001b[33m,\u001b[39m _id\u001b[33m:\u001b[39m \u001b[33m-\u001b[39m\u001b[35m1\u001b[39m }\u001b[33m,\u001b[39m session })\u001b[33m.\u001b[39mlean()\u001b[33m;\u001b[39m\u001b[22m\n\u001b[2m     \u001b[90m    |\u001b[39m                             \u001b[31m\u001b[1m^\u001b[22m\u001b[2m\u001b[39m\u001b[22m\n\u001b[2m     \u001b[90m 28 |\u001b[39m           \u001b[36mconst\u001b[39m previousHash \u001b[33m=\u001b[39m lastEntry \u001b[33m?\u001b[39m lastEntry\u001b[33m.\u001b[39mcurrentHash \u001b[33m:\u001b[39m \u001b[33mGENESIS_HASH\u001b[39m\u001b[33m;\u001b[39m\u001b[22m\n\u001b[2m     \u001b[90m 29 |\u001b[39m           \u001b[36mconst\u001b[39m timestamp \u001b[33m=\u001b[39m \u001b[36mnew\u001b[39m \u001b[33mDate\u001b[39m()\u001b[33m;\u001b[39m\u001b[22m\n\u001b[2m     \u001b[90m 30 |\u001b[39m           \u001b[36mconst\u001b[39m payload \u001b[33m=\u001b[39m {\u001b[0m\u001b[22m\n\n\u001b[2m      \u001b[2mat Connection.sendCommand (\u001b[22m\u001b[2mnode_modules/mongodb/src/cmap/connection.ts\u001b[2m:559:17)\u001b[22m\u001b[2m\u001b[22m\n\u001b[2m      \u001b[2mat Connection.command (\u001b[22m\u001b[2mnode_modules/mongodb/src/cmap/connection.ts\u001b[2m:633:22)\u001b[22m\u001b[2m\u001b[22m\n\u001b[2m      \u001b[2mat Server.command (\u001b[22m\u001b[2mnode_modules/mongodb/src/sdam/server.ts\u001b[2m:350:21)\u001b[22m\u001b[2m\u001b[22m\n\u001b[2m      \u001b[2mat tryOperation (\u001b[22m\u001b[2mnode_modules/mongodb/src/operations/execute_operation.ts\u001b[2m:289:24)\u001b[22m\u001b[2m\u001b[22m\n\u001b[2m      \u001b[2mat executeOperation (\u001b[22m\u001b[2mnode_modules/mongodb/src/operations/execute_operation.ts\u001b[2m:119:12)\u001b[22m\u001b[2m\u001b[22m\n\u001b[2m      \u001b[2mat FindCursor._initialize (\u001b[22m\u001b[2mnode_modules/mongodb/src/cursor/find_cursor.ts\u001b[2m:92:22)\u001b[22m\u001b[2m\u001b[22m\n\u001b[2m      \u001b[2mat FindCursor.cursorInit (\u001b[22m\u001b[2mnode_modules/mongodb/src/cursor/abstract_cursor.ts\u001b[2m:949:21)\u001b[22m\u001b[2m\u001b[22m\n\u001b[2m      \u001b[2mat FindCursor.fetchBatch (\u001b[22m\u001b[2mnode_modules/mongodb/src/cursor/abstract_cursor.ts\u001b[2m:987:7)\u001b[22m\u001b[2m\u001b[22m\n\u001b[2m      \u001b[2mat FindCursor.next (\u001b[22m\u001b[2mnode_modules/mongodb/src/cursor/abstract_cursor.ts\u001b[2m:608:9)\u001b[22m\u001b[2m\u001b[22m\n\u001b[2m      \u001b[2mat Collection.findOne (\u001b[22m\u001b[2mnode_modules/mongodb/src/collection.ts\u001b[2m:552:20)\u001b[22m\u001b[2m\u001b[22m\n\u001b[2m      \u001b[2mat model.Query._findOne (\u001b[22m\u001b[2mnode_modules/mongoose/lib/query.js\u001b[2m:2710:15)\u001b[22m\u001b[2m\u001b[22m\n\u001b[2m      \u001b[2mat model.Query.exec (\u001b[22m\u001b[2mnode_modules/mongoose/lib/query.js\u001b[2m:4622:63)\u001b[22m\u001b[2m\u001b[22m\n\u001b[2m      \u001b[2mat \u001b[22m\u001b[2msrc/services/audit.service.js\u001b[2m:27:29\u001b[22m\u001b[2m\u001b[22m\n\u001b[2m      \u001b[2mat ClientSession.withTransaction (\u001b[22m\u001b[2mnode_modules/mongodb/src/sessions.ts\u001b[2m:750:20)\u001b[22m\u001b[2m\u001b[22m\n\u001b[2m      \u001b[2mat recordAuditEntry (\u001b[22m\u001b[2msrc/services/audit.service.js\u001b[2m:26:9)\u001b[22m\u001b[2m\u001b[22m\n\u001b[2m      \u001b[2mat createNormalChain (\u001b[22m\u001b[2m\u001b[0m\u001b[36mtests/audit.test.js\u001b[39m\u001b[0m\u001b[2m:27:7)\u001b[22m\u001b[2m\u001b[22m\n\u001b[2m      \u001b[2mat Object.<anonymous> (\u001b[22m\u001b[2m\u001b[0m\u001b[36mtests/audit.test.js\u001b[39m\u001b[0m\u001b[2m:46:5)\u001b[22m\u001b[2m\u001b[22m\n\n\u001b[1m\u001b[31m  \u001b[1m● \u001b[22m\u001b[1mTamper-Evident Audit Trail - Hash Chain Verification › 3. Modified currentHash fails verification\u001b[39m\u001b[22m\n\n    MongoServerError: Transaction numbers are only allowed on a replica set member or mongos\n\n\u001b[2m    \u001b[0m \u001b[90m 25 |\u001b[39m         \u001b[36mlet\u001b[39m record \u001b[33m=\u001b[39m \u001b[36mnull\u001b[39m\u001b[33m;\u001b[39m\u001b[22m\n\u001b[2m     \u001b[90m 26 |\u001b[39m         \u001b[36mawait\u001b[39m s
[...]
Server.command (\u001b[22m\u001b[2mnode_modules/mongodb/src/sdam/server.ts\u001b[2m:350:21)\u001b[22m\u001b[2m\u001b[22m\n\u001b[2m      \u001b[2mat tryOperation (\u001b[22m\u001b[2mnode_modules/mongodb/src/operations/execute_operation.ts\u001b[2m:289:24)\u001b[22m\u001b[2m\u001b[22m\n\u001b[2m      \u001b[2mat executeOperation (\u001b[22m\u001b[2mnode_modules/mongodb/src/operations/execute_operation.ts\u001b[2m:119:12)\u001b[22m\u001b[2m\u001b[22m\n\u001b[2m      \u001b[2mat FindCursor._initialize (\u001b[22m\u001b[2mnode_modules/mongodb/src/cursor/find_cursor.ts\u001b[2m:92:22)\u001b[22m\u001b[2m\u001b[22m\n\u001b[2m      \u001b[2mat FindCursor.cursorInit (\u001b[22m\u001b[2mnode_modules/mongodb/src/cursor/abstract_cursor.ts\u001b[2m:949:21)\u001b[22m\u001b[2m\u001b[22m\n\u001b[2m      \u001b[2mat FindCursor.fetchBatch (\u001b[22m\u001b[2mnode_modules/mongodb/src/cursor/abstract_cursor.ts\u001b[2m:987:7)\u001b[22m\u001b[2m\u001b[22m\n\u001b[2m      \u001b[2mat FindCursor.next (\u001b[22m\u001b[2mnode_modules/mongodb/src/cursor/abstract_cursor.ts\u001b[2m:608:9)\u001b[22m\u001b[2m\u001b[22m\n\u001b[2m      \u001b[2mat Collection.findOne (\u001b[22m\u001b[2mnode_modules/mongodb/src/collection.ts\u001b[2m:552:20)\u001b[22m\u001b[2m\u001b[22m\n\u001b[2m      \u001b[2mat model.Query._findOne (\u001b[22m\u001b[2mnode_modules/mongoose/lib/query.js\u001b[2m:2710:15)\u001b[22m\u001b[2m\u001b[22m\n\u001b[2m      \u001b[2mat model.Query.exec (\u001b[22m\u001b[2mnode_modules/mongoose/lib/query.js\u001b[2m:4622:63)\u001b[22m\u001b[2m\u001b[22m\n\u001b[2m      \u001b[2mat \u001b[22m\u001b[2msrc/services/audit.service.js\u001b[2m:27:29\u001b[22m\u001b[2m\u001b[22m\n\u001b[2m      \u001b[2mat ClientSession.withTransaction (\u001b[22m\u001b[2mnode_modules/mongodb/src/sessions.ts\u001b[2m:750:20)\u001b[22m\u001b[2m\u001b[22m\n\u001b[2m      \u001b[2mat recordAuditEntry (\u001b[22m\u001b[2msrc/services/audit.service.js\u001b[2m:26:9)\u001b[22m\u001b[2m\u001b[22m\n\u001b[2m      \u001b[2mat createNormalChain (\u001b[22m\u001b[2m\u001b[0m\u001b[36mtests/audit.test.js\u001b[39m\u001b[0m\u001b[2m:27:7)\u001b[22m\u001b[2m\u001b[22m\n\u001b[2m      \u001b[2mat Object.<anonymous> (\u001b[22m\u001b[2m\u001b[0m\u001b[36mtests/audit.test.js\u001b[39m\u001b[0m\u001b[2m:82:5)\u001b[22m\u001b[2m\u001b[22m\n\n\u001b[1m\u001b[31m  \u001b[1m● \u001b[22m\u001b[1mTamper-Evident Audit Trail - Hash Chain Verification › 5. Deleted/interrupted entry is detected\u001b[39m\u001b[22m\n\n    MongoServerError: Transaction numbers are only allowed on a replica set member or mongos\n\n\u001b[2m    \u001b[0m \u001b[90m 25 |\u001b[39m         \u001b[36mlet\u001b[39m record \u001b[33m=\u001b[39m \u001b[36mnull\u001b[39m\u001b[33m;\u001b[39m\u001b[22m\n\u001b[2m     \u001b[90m 26 |\u001b[39m         \u001b[36mawait\u001b[39m session\u001b[33m.\u001b[39mwithTransaction(\u001b[36masync\u001b[39m () \u001b[33m=>\u001b[39m {\u001b[22m\n\u001b[2m    \u001b[31m\u001b[1m>\u001b[22m\u001b[2m\u001b[39m\u001b[90m 27 |\u001b[39m           \u001b[36mconst\u001b[39m lastEntry \u001b[33m=\u001b[39m \u001b[36mawait\u001b[39m \u001b[33mAuditLog\u001b[39m\u001b[33m.\u001b[39mfindOne({}\u001b[33m,\u001b[39m {}\u001b[33m,\u001b[39m { sort\u001b[33m:\u001b[39m { timestamp\u001b[33m:\u001b[39m \u001b[33m-\u001b[39m\u001b[35m1\u001b[39m\u001b[33m,\u001b[39m _id\u001b[33m:\u001b[39m \u001b[33m-\u001b[39m\u001b[35m1\u001b[39m }\u001b[33m,\u001b[39m session })\u001b[33m.\u001b[39mlean()\u001b[33m;\u001b[39m\u001b[22m\n\u001b[2m     \u001b[90m    |\u001b[39m                             \u001b[31m\u001b[1m^\u001b[22m\u001b[2m\u001b[39m\u001b[22m\n\u001b[2m     \u001b[90m 28 |\u001b[39m           \u001b[36mconst\u001b[39m previousHash \u001b[33m=\u001b[39m lastEntry \u001b[33m?\u001b[39m lastEntry\u001b[33m.\u001b[39mcurrentHash \u001b[33m:\u001b[39m \u001b[33mGENESIS_HASH\u001b[39m\u001b[33m;\u001b[39m\u001b[22m\n\u001b[2m     \u001b[90m 29 |\u001b[39m           \u001b[36mconst\u001b[39m timestamp \u001b[33m=\u001b[39m \u001b[36mnew\u001b[39m \u001b[33mDate\u001b[39m()\u001b[33m;\u001b[39m\u001b[22m\n\u001b[2m     \u001b[90m 30 |\u001b[39m           \u001b[36mconst\u001b[39m payload \u001b[33m=\u001b[39m {\u001b[0m\u001b[22m\n\n\u001b[2m      \u001b[2mat Connection.sendCommand (\u001b[22m\u001b[2mnode_modules/mongodb/src/cmap/connection.ts\u001b[2m:559:17)\u001b[22m\u001b[2m\u001b[22m\n\u001b[2m      \u001b[2mat Connection.command (\u001b[22m\u001b[2mnode_modules/mongodb/src/cmap/connection.ts\u001b[2m:633:22)\u001b[22m\u001b[2m\u001b[22m\n\u001b[2m      \u001b[2mat Server.command (\u001b[22m\u001b[2mnode_modules/mongodb/src/sdam/server.ts\u001b[2m:350:21)\u001b[22m\u001b[2m\u001b[22m\n\u001b[2m      \u001b[2mat tryOperation (\u001b[22m\u001b[2mnode_modules/mongodb/src/operations/execute_operation.ts\u001b[2m:289:24)\u001b[22m\u001b[2m\u001b[22m\n\u001b[2m      \u001b[2mat executeOperation (\u001b[22m\u001b[2mnode_modules/mongodb/src/operations/execute_operation.ts\u001b[2m:119:12)\u001b[22m\u001b[2m\u001b[22m\n\u001b[2m      \u001b[2mat FindCursor._initialize (\u001b[22m\u001b[2mnode_modules/mongodb/src/cursor/find_cursor.ts\u001b[2m:92:22)\u001b[22m\u001b[2m\u001b[22m\n\u001b[2m      \u001b[2mat FindCursor.cursorInit (\u001b[22m\u001b[2mnode_modules/mongodb/src/cursor/abstract_cursor.ts\u001b[2m:949:21)\u001b[22m\u001b[2m\u001b[22m\n\u001b[2m      \u001b[2mat FindCursor.fetchBatch (\u001b[22m\u001b[2mnode_modules/mongodb/src/cursor/abstract_cursor.ts\u001b[2m:987:7)\u001b[22m\u001b[2m\u001b[22m\n\u001b[2m      \u001b[2mat FindCursor.next (\u001b[22m\u001b[2mnode_modules/mongodb/src/cursor/abstract_cursor.ts\u001b[2m:608:9)\u001b[22m\u001b[2m\u001b[22m\n\u001b[2m      \u001b[2mat Collection.findOne (\u001b[22m\u001b[2mnode_modules/mongodb/src/collection.ts\u001b[2m:552:20)\u001b[22m\u001b[2m\u001b[22m\n\u001b[2m      \u001b[2mat model.Query._findOne (\u001b[22m\u001b[2mnode_modules/mongoose/lib/query.js\u001b[2m:2710:15)\u001b[22m\u001b[2m\u001b[22m\n\u001b[2m      \u001b[2mat model.Query.exec (\u001b[22m\u001b[2mnode_modules/mongoose/lib/query.js\u001b[2m:4622:63)\u001b[22m\u001b[2m\u001b[22m\n\u001b[2m      \u001b[2mat \u001b[22m\u001b[2msrc/services/audit.service.js\u001b[2m:27:29\u001b[22m\u001b[2m\u001b[22m\n\u001b[2m      \u001b[2mat ClientSession.withTransaction (\u001b[22m\u001b[2mnode_modules/mongodb/src/sessions.ts\u001b[2m:750:20)\u001b[22m\u001b[2m\u001b[22m\n\u001b[2m      \u001b[2mat recordAuditEntry (\u001b[22m\u001b[2msrc/services/audit.service.js\u001b[2m:26:9)\u001b[22m\u001b[2m\u001b[22m\n\u001b[2m      \u001b[2mat createNormalChain (\u001b[22m\u001b[2m\u001b[0m\u001b[36mtests/audit.test.js\u001b[39m\u001b[0m\u001b[2m:27:7)\u001b[22m\u001b[2m\u001b[22m\n\u001b[2m      \u001b[2mat Object.<anonymous> (\u001b[22m\u001b[2m\u001b[0m\u001b[36mtests/audit.test.js\u001b[39m\u001b[0m\u001b[2m:101:5)\u001b[22m\u001b[2m\u001b[22m\n\n\u001b[1m\u001b[31m  \u001b[1m● \u001b[22m\u001b[1mTamper-Evident Audit Trail - Hash Chain Verification › 6. Reordered events are detected\u001b[39m\u001b[22m\n\n    MongoServerError: Transaction numbers are only allowed on a replica set member or mongos\n\n\u001b[2m    \u001b[0m \u001b[90m 25 |\u001b[39m         \u001b[36mlet\u001b[39m record \u001b[33m=\u001b[39m \u001b[36mnull\u001b[39m\u001b[33m;\u001b[39m\u001b[22m\n\u001b[2m     \u001b[90m 26 |\u001b[39m         \u001b[36mawait\u001b[39m session\u001b[33m.\u001b[39mwithTransaction(\u001b[36masync\u001b[39m () \u001b[33m=>\u001b[39m {\u001b[22m\n\u001b[2m    \u001b[31m\u001b[1m>\u001b[22m\u001b[2m\u001b[39m\u001b[90m 27 |\u001b[39m           \u001b[36mconst\u001b[39m lastEntry \u001b[33m=\u001b[39m \u001b[36mawait\u001b[39m \u001b[33mAuditLog\u001b[39m\u001b[33m.\u001b[39mfindOne({}\u001b[33m,\u001b[39m {}\u001b[33m,\u001b[39m { sort\u001b[33m:\u001b[39m { timestamp\u001b[33m:\u001b[39m \u001b[33m-\u001b[39m\u001b[35m1\u001b[39m\u001b[33m,\u001b[39m _id\u001b[33m:\u001b[39m \u001b[33m-\u001b[39m\u001b[35m1\u001b[39m }\u001b[33m,\u001b[39m session })\u001b[33m.\u001b[39mlean()\u001b[33m;\u001b[39m\u001b[22m\n\u001b[2m     \u001b[90m    |\u001b[39m                             \u001b[31m\u001b[1m^\u001b[22m\u001b[2m\u001b[39m\u001b[22m\n\u001b[2m     \u001b[90m 28 |\u001b[39m           \u001b[36mconst\u001b[39m previousHash \u001b[33m=\u001b[39m lastEntry \u001b[33m?\u001b[39m lastEntry\u001b[33m.\u001b[39mcurrentHash \u001b[33m:\u001b[39m \u001b[33mGENESIS_HASH\u001b[39m\u001b[33m;\u001b[39m\u001b[22m\n\u001b[2m     \u001b[90m 29 |\u001b[39m           \u001b[36mconst\u001b[39m timestamp \u001b[33m=\u001b[39m \u001b[36mnew\u001b[39m \u001b[33mDate\u001b[39m()\u001b[33m;\u001b[39m\u001b[22m\n\u001b[2m     \u001b[90m 30 |\u001b[39m           \u001b[36mconst\u001b[39m payload \u001b[33m=\u001b[39m {\u001b[0m\u001b[22m\n\n\u001b[2m      \u001b[2mat Connection.sendCommand (\u001b[22m\u001b[2mnode_modules/mongodb/src/cmap/connection.ts\u001b[2m:559:17)\u001b[22m\u001b[2m\u001b[22m\n\u001b[2m      \u001b[2mat Connection.command (\u001b[22m\u001b[2mnode_modules/mongodb/src/cmap/connection.ts\u001b[2m:633:22)\u001b[22m\u001b[2m\u001b[22m\n\u001b[2m      \u001b[2mat Server.command (\u001b[22m\u001b[2mnode_modules/mongodb/src/sdam/server.ts\u001b[2m:350:21)\u001b[22m\u001b[2m\u001b[22m\n\u001b[2m      \u001b[2mat tryOperation (\u001b[22m\u001b[2mnode_modules/mongodb/src/operations/execute_operation.ts\u001b[2m:289:24)\u001b[22m\u001b[2m\u001b[22m\n\u001b[2m      \u001b[2mat executeOperation (\u001b[22m\u001b[2mnode_modules/mongodb/src/operations/execute_operation.ts\u001b[2m:119:12)\u001b[22m\u001b[2m\u001b[22m\n\u001b[2m      \u001b[2mat FindCursor._initialize (\u001b[22m\u001b[2mnode_modules/mongodb/src/cursor/find_cursor.ts\u001b[2m:92:22)\u001b[22m\u001b[2m\u001b[22m\n\u001b[2m      \u001b[2mat FindCursor.cursorInit (\u001b[22m\u001b[2mnode_modules/mongodb/src/cursor/abstract_cursor.ts\u001b[2m:949:21)\u001b[22m\u001b[2m\u001b[22m\n\u001b[2m      \u001b[2mat FindCursor.fetchBatch (\u001b[22m\u001b[2mnode_modules/mongodb/src/cursor/abstract_cursor.ts\u001b[2m:987:7)\u001b[22m\u001b[2m\u001b[22m\n\u001b[2m      \u001b[2mat FindCursor.next (\u001b[22m\u001b[2mnode_modules/mongodb/src/cursor/abstract_cursor.ts\u001b[2m:608:9)\u001b[22m\u001b[2m\u001b[22m\n\u001b[2m      \u001b[2mat Collection.findOne (\u001b[22m\u001b[2mnode_modules/mongodb/src/collection.ts\u001b[2m:552:20)\u001b[22m\u001b[2m\u001b[22m\n\u001b[2m      \u001b[2mat model.Query._findOne (\u001b[22m\u001b[2mnode_modules/mongoose/lib/query.js\u001b[2m:2710:15)\u001b[22m\u001b[2m\u001b[22m\n\u001b[2m      \u001b[2mat model.Query.exec (\u001b[22m\u001b[2mnode_modules/mongoose/lib/query.js\u001b[2m:4622:63)\u001b[22m\u001b[2m\u001b[22m\n\u001b[2m      \u001b[2mat \u001b[22m\u001b[2msrc/services/audit.service.js\u001b[2m:27:29\u001b[22m\u001b[2m\u001b[22m\n\u001b[2m      \u001b[2mat ClientSession.withTransaction (\u001b[22m\u001b[2mnode_modules/mongodb/src/sessions.ts\u001b[2m:750:20)\u001b[22m\u001b[2m\u001b[22m\n\u001b[2m      \u001b[2mat recordAuditEntry (\u001b[22m\u001b[2msrc/services/audit.service.js\u001b[2m:26:9)\u001b[22m\u001b[2m\u001b[22m\n\u001b[2m      \u001b[2mat createNormalChain (\u001b[22m\u001b[2m\u001b[0m\u001b[36mtests/audit.test.js\u001b[39m\u001b[0m\u001b[2m:27:7)\u001b[22m\u001b[2m\u001b[22m\n\u001b[2m      \u001b[2mat Object.<anonymous> (\u001b[22m\u001b[2m\u001b[0m\u001b[36mtests/audit.test.js\u001b[39m\u001b[0m\u001b[2m:115:5)\u001b[22m\u001b[2m\u001b[22m\n","name":"C:\\Users\\rohan\\securedocket\\backend\\tests\\audit.test.js","startTime":1788505769674,"status":"failed","summary":""},{"assertionResults":[{"ancestorTitles":["Phase 8: Case Intelligence - Timeline & Entity Linking Engine","1. Case Chronological Timeline Generation"],"duration":427,"failing":false,"failureDetails":[],"failureMessages":[],"fullName":"Phase 8: Case Intelligence - Timeline & Entity Linking Engine 1. Case Chronological Timeline Generation should extract events from multiple documents and sort them chronologically","invocations":1,"location":null,"numPassingAsserts":11,"retryMessages":[],"retryReasons":[],"status":"passed","title":"should extract events from multiple documents and sort them chronologically","startAt":1788505772319},{"ancestorTitles":["Phase 8: Case Intelligence - Timeline & Entity Linking Engine","1. Case Chronological Timeline Generation"],"duration":67,"failing":false,"failureDetails":[],"failureMessages":[],"fullName":"Phase 8: Case Intelligence - Timeline & Entity Linking Engine 1. Case Chronological Timeline Generation should flag unparseable or low-confidence dates as isUncertain rather than inventing dates","invocations":1,"location":null,"numPassingAsserts":3,"retryMessages":[],"retryReasons":[],"status":"passed","title":"should flag unparseable or low-confidence dates as isUncertain rather than inventing dates","startAt":1788505772747},{"ancestorTitles":["Phase 8: Case Intelligence - Timeline & Entity Linking Engine","2. Cross-Document Entity Linking & Normalization"],"duration":375,"failing":false,"failureDetails":[],"failureMessages":[],"fullName":"Phase 8: Case Intelligence - Timeline & Entity Linking Engine 2. Cross-Document Entity Linking & Normalization should identify and link the same entity across multiple documents within a case","invocations":1,"location":null,"numPassingAsserts":12,"retryMessages":[],"retryReasons":[],"status":"passed","title":"should identify and link the same entity across multiple documents within a case","startAt":1788505772815},{"ancestorTitles":["Phase 8: Case Intelligence - Timeline & Entity Linking Engine","3. Case Isolation Guarantee"],"duration":60,"failing":false,"failureDetails":[],"failureMessages":[],"fullName":"Phase 8: Case Intelligence - Timeline & Entity Linking Engine 3. Case Isolation Guarantee should strictly isolate entities within the target case and NEVER link across cases","invocations":1,"location":null,"numPassingAsserts":6,"retryMessages":[],"retryReasons":[],"status":"passed","title":"should strictly isolate entities within the target case and NEVER link across cases","startAt":1788505773191},{"ancestorTitles":["Phase 8: Case Intelligence - Timeline & Entity Linking Engine","4. Authorization & Security Boundaries"],"duration":25,"failing":false,"failureDetails":[],"failureMessages":[],"fullName":"Phase 8: Case Intelligence - Timeline & Entity Linking Engine 4. Authorization & Security Boundaries should reject unauthorized officer attempting to view case intelligence","invocations":1,"location":null,"numPassingAsserts":1,"retryMessages":[],"retryReasons":[],"status":"passed","title":"should reject unauthorized officer attempting to view case intelligence","startAt":1788505773251},{"ancestorTitles":["Phase 8: Case Intelligence - Timeline & Entity Linking Engine","4. Authorization & Security Boundaries"],"duration":27,"failing":false,"failureDetails":[],"failureMessages":[],"fullName":"Phase 8: Case Intelligence - Timeline & Entity Linking Engine 4. Authorization & Security Boundaries should permit assigned officer and administrator to access case intelligence","invocations":1,"location":null,"numPassingAsserts":2,"retryMessages":[],"retryReasons":[],"status":"passed","title":"should permit assigned officer and administrator to access case intelligence","startAt":1788505773276}],"endTime":1788505774398,"message":"","name":"C:\\Users\\rohan\\securedocket\\backend\\tests\\intelligence.test.js","startTime":1788505771130,"status":"passed","summary":""},{"assertionResults":[{"ancestorTitles":["Vector Service - Cosine Similarity"],"duration":26,"failing":false,"failureDetails":[],"failureMessages":[],"fullName":"Vector Service - Cosine Similarity should calculate identical vectors as 1.0","invocations":1,"location":null,"numPassingAsserts":1,"retryMessages":[],"retryReasons":[],"status":"passed","title":"should calculate identical vectors as 1.0","startAt":1788505775598},{"ancestorTitles":["Vector Service - Cosine Similarity"],"duration":5,"failing":false,"failureDetails":[],"failureMessages":[],"fullName":"Vector Service - Cosine Similarity should calculate orthogonal vectors as 0.0","invocations":1,"location":null,"numPassingAsserts":1,"retryMessages":[],"retryReasons":[],"status":"passed","title":"should calculate orthogonal vectors as 0.0","startAt":1788505775624},{"ancestorTitles":["Vector Service - Cosine Similarity"],"duration":6,"failing":false,"failureDetails":[],"failureMessages":[],"fullName":"Vector Service - Cosine Similarity should handle missing or empty vectors gracefully","invocations":1,"location":null,"numPassingAsserts":3,"retryMessages":[],"retryReasons":[],"status":"passed","title":"should handle missing or empty vectors gracefully","startAt":1788505775629},{"ancestorTitles":["Search Service - Authorization Boundaries"],"duration":284,"failing":false,"failureDetails":[],"failureMessages":[],"fullName":"Search Service - Authorization Boundaries should return all relevant documents for Admin","invocations":1,"location":null,"numPassingAsserts":1,"retryMessages":[],"retryReasons":[],"status":"passed","title":"should return all relevant documents for Admin","startAt":1788505775636},{"ancestorTitles":["Search Service - Authorization Boundaries"],"duration":49,"failing":false,"failureDetails":[],"failureMessages":[],"fullName":"Search Service - Authorization Boundaries should ONLY return documents in assigned cases for Officer","invocations":1,"location":null,"numPassingAsserts":2,"retryMessages":[],"retryReasons":[],"status":"passed","title":"should ONLY return documents in assigned cases for Officer","startAt":1788505775920},{"ancestorTitles":["Search Service - Authorization Boundaries"],"duration":26,"failing":false,"failureDetails":[],"failureMessages":[],"fullName":"Search Service - Authorization Boundaries should not return documents if Officer filters by unassigned case","invocations":1,"location":null,"numPassingAsserts":1,"retryMessages":[],"retryReasons":[],"status":"passed","title":"should not return documents if Officer filters by unassigned case","startAt":1788505775970}],"endTime":1788505776296,"message":"","name":"C:\\Users\\rohan\\securedocket\\backend\\tests\\search.test.js","startTime":1788505774416,"status":"passed","summary":""},{"assertionResults":[{"ancestorTitles":["Field-Level Encryption"],"duration":9,"failing":false,"failureDetails":[],"failureMessages":[],"fullName":"Field-Level Encryption should encrypt and decrypt correctly","invocations":1,"location":null,"numPassingAsserts":5,"retryMessages":[],"retryReasons":[],"status":"passed","title":"should encrypt and decrypt correctly","startAt":1788505776412},{"ancestorTitles":["Field-Level Encryption"],"duration":4,"failing":false,"failureDetails":[],"failureMessages":[],"fullName":"Field-Level Encryption should fail decryption if authTag is tampered","invocations":1,"location":null,"numPassingAsserts":1,"retryMessages":[],"retryReasons":[],"status":"passed","title":"should fail decryption if authTag is tampered","startAt":1788505776422},{"ancestorTitles":["Field-Level Encryption"],"duration":1,"failing":false,"failureDetails":[],"failureMessages":[],"fullName":"Field-Level Encryption should fail decryption if ciphertext is tampered","invocations":1,"location":null,"numPassingAsserts":1,"retryMessages":[],"retryReasons":[],"status":"passed","title":"should fail decryption if ciphertext is tampered","startAt":1788505776426},{"ancestorTitles":["Field-Level Encryption"],"duration":1,"failing":false,"failureDetails":[],"failureMessages":[],"fullName":"Field-Level Encryption should successfully decryptDocumentFields","invocations":1,"location":null,"numPassingAsserts":5,"retryMessages":[],"retryReasons":[],"status":"passed","title":"should successfully decryptDocumentFields","startAt":1788505776427}],"endTime":1788505776430,"message":"","name":"C:\\Users\\rohan\\securedocket\\backend\\tests\\encryption.test.js","startTime":1788505776314,"status":"passed","summary":""}],"wasInterrupted":false}
